<?xml version="1.0" encoding="UTF-8" ?>
<testsuite errors="0" failures="0" hostname="jupiter" name="net.sf.marineapi.nmea.util.TimeTest" tests="23" time="0.009" timestamp="2014-02-21T20:54:44">
  <properties>
[...]
</properties>
  <testcase classname="net.sf.marineapi.nmea.util.TimeTest" name="testGetSeconds" time="0.001" />
  <testcase classname="net.sf.marineapi.nmea.util.TimeTest" name="testSetInvalidSeconds" time="0.0" />
  <testcase classname="net.sf.marineapi.nmea.util.TimeTest" name="testParseTimeWithoutDecimals" time="0.0" />
  <testcase classname="net.sf.marineapi.nmea.util.TimeTest" name="testSetNegativeHour" time="0.0" />
  <testcase classname="net.sf.marineapi.nmea.util.TimeTest" name="testParseTimeWithOneDecimal" time="0.0" />
  <testcase classname="net.sf.marineapi.nmea.util.TimeTest" name="testFormatTimeWithDecimals" time="0.0" />
  <testcase classname="net.sf.marineapi.nmea.util.TimeTest" name="testSetMinutes" time="0.0" />
  <testcase classname="net.sf.marineapi.nmea.util.TimeTest" name="testDateRoundTrip" time="0.0" />
  <testcase classname="net.sf.marineapi.nmea.util.TimeTest" name="testGetHour" time="0.0" />
  <testcase classname="net.sf.marineapi.nmea.util.TimeTest" name="testParseTimeWithDecimals" time="0.0" />
  <testcase classname="net.sf.marineapi.nmea.util.TimeTest" name="testSetInvalidHour" time="0.0" />
  <testcase classname="net.sf.marineapi.nmea.util.TimeTest" name="testSetNegativeMinutes" time="0.001" />
  <testcase classname="net.sf.marineapi.nmea.util.TimeTest" name="testSetSeconds" time="0.0" />
  <testcase classname="net.sf.marineapi.nmea.util.TimeTest" name="testFormatTimeNoDecimals" time="0.0" />
  <testcase classname="net.sf.marineapi.nmea.util.TimeTest" name="testSetNegativeSeconds" time="0.0" />
  <testcase classname="net.sf.marineapi.nmea.util.TimeTest" name="testFormatTimeWithOneDecimal" time="0.001" />
  <testcase classname="net.sf.marineapi.nmea.util.TimeTest" name="testEquals" time="0.001" />
  <testcase classname="net.sf.marineapi.nmea.util.TimeTest" name="testGetMinutes" time="0.0" />
  <testcase classname="net.sf.marineapi.nmea.util.TimeTest" name="testSetInvalidMinutes" time="0.0" />
  <testcase classname="net.sf.marineapi.nmea.util.TimeTest" name="testGetMilliseconds" time="0.0" />
  <testcase classname="net.sf.marineapi.nmea.util.TimeTest" name="testSetHour" time="0.0" />
  <testcase classname="net.sf.marineapi.nmea.util.TimeTest" name="testSetTime" time="0.0" />
  <testcase classname="net.sf.marineapi.nmea.util.TimeTest" name="testToDate" time="0.0" />
  <system-out><![CDATA[]]></system-out>
  <system-err><![CDATA[]]></system-err>
</testsuite>
