<?xml version="1.0"?>
<!DOCTYPE coverage SYSTEM "http://cobertura.sourceforge.net/xml/coverage-04.dtd">

<coverage line-rate="0.871272365805169" branch-rate="0.7068403908794788" lines-covered="1753" lines-valid="2012" branches-covered="434" branches-valid="614" complexity="1.433982683982684" version="1.9.4.1" timestamp="1402144733042">
	<sources>
		<source>/media/stuff/projects/marine-api/src/main/java</source>
		<source>--source</source>
	</sources>
	<packages>
		<package name="net.sf.marineapi.nmea.event" line-rate="0.8095238095238095" branch-rate="0.75" complexity="1.2307692307692308">
			<classes>
				<class name="net.sf.marineapi.nmea.event.AbstractSentenceListener" filename="net/sf/marineapi/nmea/event/AbstractSentenceListener.java" line-rate="0.7692307692307693" branch-rate="1.0" complexity="1.1666666666666667">
					<methods>
						<method name="&lt;init&gt;" signature="()V" line-rate="1.0" branch-rate="1.0">
							<lines>
								<line number="50" hits="2" branch="false"/>
								<line number="52" hits="2" branch="false"/>
								<line number="55" hits="2" branch="false"/>
								<line number="57" hits="2" branch="false"/>
								<line number="58" hits="2" branch="false"/>
							</lines>
						</method>
						<method name="readingPaused" signature="()V" line-rate="0.0" branch-rate="1.0">
							<lines>
								<line number="65" hits="0" branch="false"/>
							</lines>
						</method>
						<method name="readingStarted" signature="()V" line-rate="0.0" branch-rate="1.0">
							<lines>
								<line number="72" hits="0" branch="false"/>
							</lines>
						</method>
						<method name="readingStopped" signature="()V" line-rate="0.0" branch-rate="1.0">
							<lines>
								<line number="79" hits="0" branch="false"/>
							</lines>
						</method>
						<method name="sentenceRead" signature="(Lnet/sf/marineapi/nmea/event/SentenceEvent;)V" line-rate="1.0" branch-rate="1.0">
							<lines>
								<line number="103" hits="2" branch="false"/>
								<line number="104" hits="2" branch="false"/>
								<line number="105" hits="2" branch="true" condition-coverage="100% (2/2)">
									<conditions>
										<condition number="0" type="jump" coverage="100%"/>
									</conditions>
								</line>
								<line number="106" hits="1" branch="false"/>
								<line number="108" hits="2" branch="false"/>
							</lines>
						</method>
					</methods>
					<lines>
						<line number="50" hits="2" branch="false"/>
						<line number="52" hits="2" branch="false"/>
						<line number="55" hits="2" branch="false"/>
						<line number="57" hits="2" branch="false"/>
						<line number="58" hits="2" branch="false"/>
						<line number="65" hits="0" branch="false"/>
						<line number="72" hits="0" branch="false"/>
						<line number="79" hits="0" branch="false"/>
						<line number="103" hits="2" branch="false"/>
						<line number="104" hits="2" branch="false"/>
						<line number="105" hits="2" branch="true" condition-coverage="100% (2/2)">
							<conditions>
								<condition number="0" type="jump" coverage="100%"/>
							</conditions>
						</line>
						<line number="106" hits="1" branch="false"/>
						<line number="108" hits="2" branch="false"/>
					</lines>
				</class>
				<class name="net.sf.marineapi.nmea.event.SentenceEvent" filename="net/sf/marineapi/nmea/event/SentenceEvent.java" line-rate="0.875" branch-rate="0.5" complexity="1.6666666666666667">
					<methods>
						<method name="&lt;init&gt;" signature="(Ljava/lang/Object;Lnet/sf/marineapi/nmea/sentence/Sentence;)V" line-rate="0.8333333333333334" branch-rate="0.5">
							<lines>
								<line number="38" hits="22" branch="false"/>
								<line number="50" hits="22" branch="false"/>
								<line number="51" hits="22" branch="true" condition-coverage="50% (1/2)">
									<conditions>
										<condition number="0" type="jump" coverage="50%"/>
									</conditions>
								</line>
								<line number="52" hits="0" branch="false"/>
								<line number="54" hits="22" branch="false"/>
								<line number="55" hits="22" branch="false"/>
							</lines>
						</method>
						<method name="getSentence" signature="()Lnet/sf/marineapi/nmea/sentence/Sentence;" line-rate="1.0" branch-rate="1.0">
							<lines>
								<line number="63" hits="29" branch="false"/>
							</lines>
						</method>
						<method name="getTimeStamp" signature="()J" line-rate="1.0" branch-rate="1.0">
							<lines>
								<line number="72" hits="7" branch="false"/>
							</lines>
						</method>
					</methods>
					<lines>
						<line number="38" hits="22" branch="false"/>
						<line number="50" hits="22" branch="false"/>
						<line number="51" hits="22" branch="true" condition-coverage="50% (1/2)">
							<conditions>
								<condition number="0" type="jump" coverage="50%"/>
							</conditions>
						</line>
						<line number="52" hits="0" branch="false"/>
						<line number="54" hits="22" branch="false"/>
						<line number="55" hits="22" branch="false"/>
						<line number="63" hits="29" branch="false"/>
						<line number="72" hits="7" branch="false"/>
					</lines>
				</class>
				<class name="net.sf.marineapi.nmea.event.SentenceListener" filename="net/sf/marineapi/nmea/event/SentenceListener.java" line-rate="1.0" branch-rate="1.0" complexity="1.0">
					<methods>
					</methods>
					<lines>
					</lines>
				</class>
			</classes>
		</package>
		<package name="net.sf.marineapi.nmea.io" line-rate="0.7358490566037735" branch-rate="0.6666666666666666" complexity="1.9473684210526316">
			<classes>
				<class name="net.sf.marineapi.nmea.io.AbstractDataReader" filename="net/sf/marineapi/nmea/io/AbstractDataReader.java" line-rate="0.92" branch-rate="1.0" complexity="1.5">
					<methods>
						<method name="&lt;clinit&gt;" signature="()V" line-rate="1.0" branch-rate="1.0">
							<lines>
								<line number="37" hits="1" branch="false"/>
							</lines>
						</method>
						<method name="&lt;init&gt;" signature="(Lnet/sf/marineapi/nmea/io/SentenceReader;)V" line-rate="1.0" branch-rate="1.0">
							<lines>
								<line number="41" hits="18" branch="false"/>
								<line number="48" hits="18" branch="false"/>
								<line number="49" hits="18" branch="false"/>
								<line number="50" hits="18" branch="false"/>
							</lines>
						</method>
						<method name="getParent" signature="()Lnet/sf/marineapi/nmea/io/SentenceReader;" line-rate="1.0" branch-rate="1.0">
							<lines>
								<line number="109" hits="10" branch="false"/>
							</lines>
						</method>
						<method name="isRunning" signature="()Z" line-rate="1.0" branch-rate="1.0">
							<lines>
								<line number="58" hits="4" branch="false"/>
							</lines>
						</method>
						<method name="run" signature="()V" line-rate="0.875" branch-rate="1.0">
							<lines>
								<line number="77" hits="2" branch="false"/>
								<line number="78" hits="2" branch="false"/>
								<line number="80" hits="22" branch="true" condition-coverage="100% (2/2)">
									<conditions>
										<condition number="0" type="jump" coverage="100%"/>
									</conditions>
								</line>
								<line number="82" hits="20" branch="false"/>
								<line number="83" hits="20" branch="true" condition-coverage="100% (2/2)">
									<conditions>
										<condition number="0" type="jump" coverage="100%"/>
									</conditions>
								</line>
								<line number="84" hits="8" branch="false"/>
								<line number="85" hits="8" branch="false"/>
								<line number="86" hits="8" branch="false"/>
								<line number="88" hits="20" branch="false"/>
								<line number="89" hits="20" branch="false"/>
								<line number="90" hits="0" branch="false"/>
								<line number="91" hits="0" branch="false"/>
								<line number="92" hits="20" branch="false"/>
								<line number="94" hits="2" branch="false"/>
								<line number="95" hits="2" branch="false"/>
								<line number="96" hits="2" branch="false"/>
							</lines>
						</method>
						<method name="stop" signature="()V" line-rate="1.0" branch-rate="1.0">
							<lines>
								<line number="67" hits="3" branch="false"/>
								<line number="68" hits="3" branch="false"/>
							</lines>
						</method>
					</methods>
					<lines>
						<line number="37" hits="1" branch="false"/>
						<line number="41" hits="18" branch="false"/>
						<line number="48" hits="18" branch="false"/>
						<line number="49" hits="18" branch="false"/>
						<line number="50" hits="18" branch="false"/>
						<line number="58" hits="4" branch="false"/>
						<line number="67" hits="3" branch="false"/>
						<line number="68" hits="3" branch="false"/>
						<line number="77" hits="2" branch="false"/>
						<line number="78" hits="2" branch="false"/>
						<line number="80" hits="22" branch="true" condition-coverage="100% (2/2)">
							<conditions>
								<condition number="0" type="jump" coverage="100%"/>
							</conditions>
						</line>
						<line number="82" hits="20" branch="false"/>
						<line number="83" hits="20" branch="true" condition-coverage="100% (2/2)">
							<conditions>
								<condition number="0" type="jump" coverage="100%"/>
							</conditions>
						</line>
						<line number="84" hits="8" branch="false"/>
						<line number="85" hits="8" branch="false"/>
						<line number="86" hits="8" branch="false"/>
						<line number="88" hits="20" branch="false"/>
						<line number="89" hits="20" branch="false"/>
						<line number="90" hits="0" branch="false"/>
						<line number="91" hits="0" branch="false"/>
						<line number="92" hits="20" branch="false"/>
						<line number="94" hits="2" branch="false"/>
						<line number="95" hits="2" branch="false"/>
						<line number="96" hits="2" branch="false"/>
						<line number="109" hits="10" branch="false"/>
					</lines>
				</class>
				<class name="net.sf.marineapi.nmea.io.ActivityMonitor" filename="net/sf/marineapi/nmea/io/ActivityMonitor.java" line-rate="0.8823529411764706" branch-rate="0.8333333333333334" complexity="1.75">
					<methods>
						<method name="&lt;init&gt;" signature="(Lnet/sf/marineapi/nmea/io/SentenceReader;)V" line-rate="1.0" branch-rate="1.0">
							<lines>
								<line number="31" hits="2" branch="false"/>
								<line number="34" hits="2" branch="false"/>
								<line number="35" hits="2" branch="false"/>
								<line number="36" hits="2" branch="false"/>
							</lines>
						</method>
						<method name="refresh" signature="()V" line-rate="1.0" branch-rate="1.0">
							<lines>
								<line number="50" hits="8" branch="true" condition-coverage="100% (2/2)">
									<conditions>
										<condition number="0" type="jump" coverage="100%"/>
									</conditions>
								</line>
								<line number="51" hits="1" branch="false"/>
								<line number="53" hits="8" branch="false"/>
								<line number="54" hits="8" branch="false"/>
							</lines>
						</method>
						<method name="reset" signature="()V" line-rate="1.0" branch-rate="1.0">
							<lines>
								<line number="42" hits="2" branch="false"/>
								<line number="43" hits="2" branch="false"/>
							</lines>
						</method>
						<method name="tick" signature="()V" line-rate="0.7142857142857143" branch-rate="0.75">
							<lines>
								<line number="60" hits="20" branch="true" condition-coverage="100% (2/2)">
									<conditions>
										<condition number="0" type="jump" coverage="100%"/>
									</conditions>
								</line>
								<line number="61" hits="8" branch="false"/>
								<line number="62" hits="8" branch="false"/>
								<line number="63" hits="8" branch="true" condition-coverage="50% (1/2)">
									<conditions>
										<condition number="0" type="jump" coverage="50%"/>
									</conditions>
								</line>
								<line number="64" hits="0" branch="false"/>
								<line number="65" hits="0" branch="false"/>
								<line number="68" hits="20" branch="false"/>
							</lines>
						</method>
					</methods>
					<lines>
						<line number="31" hits="2" branch="false"/>
						<line number="34" hits="2" branch="false"/>
						<line number="35" hits="2" branch="false"/>
						<line number="36" hits="2" branch="false"/>
						<line number="42" hits="2" branch="false"/>
						<line number="43" hits="2" branch="false"/>
						<line number="50" hits="8" branch="true" condition-coverage="100% (2/2)">
							<conditions>
								<condition number="0" type="jump" coverage="100%"/>
							</conditions>
						</line>
						<line number="51" hits="1" branch="false"/>
						<line number="53" hits="8" branch="false"/>
						<line number="54" hits="8" branch="false"/>
						<line number="60" hits="20" branch="true" condition-coverage="100% (2/2)">
							<conditions>
								<condition number="0" type="jump" coverage="100%"/>
							</conditions>
						</line>
						<line number="61" hits="8" branch="false"/>
						<line number="62" hits="8" branch="false"/>
						<line number="63" hits="8" branch="true" condition-coverage="50% (1/2)">
							<conditions>
								<condition number="0" type="jump" coverage="50%"/>
							</conditions>
						</line>
						<line number="64" hits="0" branch="false"/>
						<line number="65" hits="0" branch="false"/>
						<line number="68" hits="20" branch="false"/>
					</lines>
				</class>
				<class name="net.sf.marineapi.nmea.io.DataReader" filename="net/sf/marineapi/nmea/io/DataReader.java" line-rate="1.0" branch-rate="1.0" complexity="1.0">
					<methods>
					</methods>
					<lines>
					</lines>
				</class>
				<class name="net.sf.marineapi.nmea.io.DefaultDataReader" filename="net/sf/marineapi/nmea/io/DefaultDataReader.java" line-rate="1.0" branch-rate="1.0" complexity="1.5">
					<methods>
						<method name="&lt;init&gt;" signature="(Ljava/io/InputStream;Lnet/sf/marineapi/nmea/io/SentenceReader;)V" line-rate="1.0" branch-rate="1.0">
							<lines>
								<line number="43" hits="18" branch="false"/>
								<line number="44" hits="18" branch="false"/>
								<line number="45" hits="18" branch="false"/>
								<line number="46" hits="18" branch="false"/>
							</lines>
						</method>
						<method name="read" signature="()Ljava/lang/String;" line-rate="1.0" branch-rate="1.0">
							<lines>
								<line number="55" hits="20" branch="false"/>
								<line number="57" hits="20" branch="false"/>
								<line number="58" hits="10" branch="false"/>
								<line number="59" hits="10" branch="false"/>
								<line number="60" hits="10" branch="false"/>
								<line number="61" hits="20" branch="false"/>
							</lines>
						</method>
					</methods>
					<lines>
						<line number="43" hits="18" branch="false"/>
						<line number="44" hits="18" branch="false"/>
						<line number="45" hits="18" branch="false"/>
						<line number="46" hits="18" branch="false"/>
						<line number="55" hits="20" branch="false"/>
						<line number="57" hits="20" branch="false"/>
						<line number="58" hits="10" branch="false"/>
						<line number="59" hits="10" branch="false"/>
						<line number="60" hits="10" branch="false"/>
						<line number="61" hits="20" branch="false"/>
					</lines>
				</class>
				<class name="net.sf.marineapi.nmea.io.ExceptionListener" filename="net/sf/marineapi/nmea/io/ExceptionListener.java" line-rate="1.0" branch-rate="1.0" complexity="1.0">
					<methods>
					</methods>
					<lines>
					</lines>
				</class>
				<class name="net.sf.marineapi.nmea.io.SentenceReader" filename="net/sf/marineapi/nmea/io/SentenceReader.java" line-rate="0.7752808988764045" branch-rate="0.6428571428571429" complexity="2.35">
					<methods>
						<method name="&lt;clinit&gt;" signature="()V" line-rate="1.0" branch-rate="1.0">
							<lines>
								<line number="63" hits="1" branch="false"/>
							</lines>
						</method>
						<method name="&lt;init&gt;" signature="(Ljava/io/InputStream;)V" line-rate="1.0" branch-rate="1.0">
							<lines>
								<line number="71" hits="17" branch="false"/>
								<line number="73" hits="17" branch="false"/>
								<line number="76" hits="17" branch="false"/>
								<line number="92" hits="17" branch="false"/>
								<line number="93" hits="17" branch="false"/>
								<line number="94" hits="17" branch="false"/>
							</lines>
						</method>
						<method name="&lt;init&gt;" signature="(Ljava/net/DatagramSocket;)V" line-rate="0.0" branch-rate="1.0">
							<lines>
								<line number="83" hits="0" branch="false"/>
								<line number="84" hits="0" branch="false"/>
								<line number="85" hits="0" branch="false"/>
							</lines>
						</method>
						<method name="addSentenceListener" signature="(Lnet/sf/marineapi/nmea/event/SentenceListener;)V" line-rate="1.0" branch-rate="1.0">
							<lines>
								<line number="104" hits="12" branch="false"/>
								<line number="105" hits="12" branch="false"/>
							</lines>
						</method>
						<method name="addSentenceListener" signature="(Lnet/sf/marineapi/nmea/event/SentenceListener;Ljava/lang/String;)V" line-rate="1.0" branch-rate="1.0">
							<lines>
								<line number="128" hits="1" branch="false"/>
								<line number="129" hits="1" branch="false"/>
							</lines>
						</method>
						<method name="addSentenceListener" signature="(Lnet/sf/marineapi/nmea/event/SentenceListener;Lnet/sf/marineapi/nmea/sentence/SentenceId;)V" line-rate="1.0" branch-rate="1.0">
							<lines>
								<line number="116" hits="27" branch="false"/>
								<line number="117" hits="27" branch="false"/>
							</lines>
						</method>
						<method name="fireReadingPaused" signature="()V" line-rate="0.7142857142857143" branch-rate="1.0">
							<lines>
								<line number="135" hits="1" branch="true" condition-coverage="100% (2/2)">
									<conditions>
										<condition number="0" type="jump" coverage="100%"/>
									</conditions>
								</line>
								<line number="136" hits="2" branch="true" condition-coverage="100% (2/2)">
									<conditions>
										<condition number="0" type="jump" coverage="100%"/>
									</conditions>
								</line>
								<line number="138" hits="2" branch="false"/>
								<line number="139" hits="0" branch="false"/>
								<line number="140" hits="0" branch="false"/>
								<line number="141" hits="4" branch="false"/>
								<line number="144" hits="1" branch="false"/>
							</lines>
						</method>
						<method name="fireReadingStarted" signature="()V" line-rate="0.7142857142857143" branch-rate="1.0">
							<lines>
								<line number="151" hits="3" branch="true" condition-coverage="100% (2/2)">
									<conditions>
										<condition number="0" type="jump" coverage="100%"/>
									</conditions>
								</line>
								<line number="152" hits="6" branch="true" condition-coverage="100% (2/2)">
									<conditions>
										<condition number="0" type="jump" coverage="100%"/>
									</conditions>
								</line>
								<line number="154" hits="5" branch="false"/>
								<line number="155" hits="0" branch="false"/>
								<line number="156" hits="0" branch="false"/>
								<line number="157" hits="10" branch="false"/>
								<line number="160" hits="3" branch="false"/>
							</lines>
						</method>
						<method name="fireReadingStopped" signature="()V" line-rate="0.7142857142857143" branch-rate="1.0">
							<lines>
								<line number="166" hits="3" branch="true" condition-coverage="100% (2/2)">
									<conditions>
										<condition number="0" type="jump" coverage="100%"/>
									</conditions>
								</line>
								<line number="167" hits="6" branch="true" condition-coverage="100% (2/2)">
									<conditions>
										<condition number="0" type="jump" coverage="100%"/>
									</conditions>
								</line>
								<line number="169" hits="6" branch="false"/>
								<line number="170" hits="0" branch="false"/>
								<line number="171" hits="0" branch="false"/>
								<line number="172" hits="12" branch="false"/>
								<line number="175" hits="3" branch="false"/>
							</lines>
						</method>
						<method name="fireSentenceEvent" signature="(Lnet/sf/marineapi/nmea/sentence/Sentence;)V" line-rate="0.8461538461538461" branch-rate="0.8333333333333334">
							<lines>
								<line number="184" hits="10" branch="false"/>
								<line number="185" hits="10" branch="false"/>
								<line number="187" hits="10" branch="true" condition-coverage="100% (2/2)">
									<conditions>
										<condition number="0" type="jump" coverage="100%"/>
									</conditions>
								</line>
								<line number="188" hits="3" branch="false"/>
								<line number="190" hits="10" branch="true" condition-coverage="50% (1/2)">
									<conditions>
										<condition number="0" type="jump" coverage="50%"/>
									</conditions>
								</line>
								<line number="191" hits="10" branch="false"/>
								<line number="194" hits="10" branch="true" condition-coverage="100% (2/2)">
									<conditions>
										<condition number="0" type="jump" coverage="100%"/>
									</conditions>
								</line>
								<line number="196" hits="13" branch="false"/>
								<line number="197" hits="13" branch="false"/>
								<line number="198" hits="0" branch="false"/>
								<line number="199" hits="0" branch="false"/>
								<line number="200" hits="26" branch="false"/>
								<line number="202" hits="10" branch="false"/>
							</lines>
						</method>
						<method name="getExceptionListener" signature="()Lnet/sf/marineapi/nmea/io/ExceptionListener;" line-rate="0.0" branch-rate="1.0">
							<lines>
								<line number="210" hits="0" branch="false"/>
							</lines>
						</method>
						<method name="getPauseTimeout" signature="()I" line-rate="1.0" branch-rate="1.0">
							<lines>
								<line number="220" hits="10" branch="false"/>
							</lines>
						</method>
						<method name="handleException" signature="(Ljava/lang/String;Ljava/lang/Exception;)V" line-rate="0.7142857142857143" branch-rate="0.5">
							<lines>
								<line number="231" hits="10" branch="false"/>
								<line number="232" hits="10" branch="true" condition-coverage="50% (1/2)">
									<conditions>
										<condition number="0" type="jump" coverage="50%"/>
									</conditions>
								</line>
								<line number="234" hits="10" branch="false"/>
								<line number="235" hits="0" branch="false"/>
								<line number="236" hits="0" branch="false"/>
								<line number="237" hits="10" branch="false"/>
								<line number="239" hits="10" branch="false"/>
							</lines>
						</method>
						<method name="registerListener" signature="(Lnet/sf/marineapi/nmea/event/SentenceListener;Ljava/lang/String;)V" line-rate="0.8333333333333334" branch-rate="0.5">
							<lines>
								<line number="248" hits="40" branch="true" condition-coverage="50% (1/2)">
									<conditions>
										<condition number="0" type="jump" coverage="50%"/>
									</conditions>
								</line>
								<line number="249" hits="0" branch="false"/>
								<line number="251" hits="40" branch="false"/>
								<line number="252" hits="40" branch="false"/>
								<line number="253" hits="40" branch="false"/>
								<line number="255" hits="40" branch="false"/>
							</lines>
						</method>
						<method name="removeSentenceListener" signature="(Lnet/sf/marineapi/nmea/event/SentenceListener;)V" line-rate="1.0" branch-rate="1.0">
							<lines>
								<line number="264" hits="1" branch="true" condition-coverage="100% (2/2)">
									<conditions>
										<condition number="0" type="jump" coverage="100%"/>
									</conditions>
								</line>
								<line number="265" hits="2" branch="true" condition-coverage="100% (2/2)">
									<conditions>
										<condition number="0" type="jump" coverage="100%"/>
									</conditions>
								</line>
								<line number="266" hits="1" branch="false"/>
								<line number="269" hits="1" branch="false"/>
							</lines>
						</method>
						<method name="setDatagramSocket" signature="(Ljava/net/DatagramSocket;)V" line-rate="0.0" branch-rate="0.0">
							<lines>
								<line number="278" hits="0" branch="true" condition-coverage="0% (0/2)">
									<conditions>
										<condition number="0" type="jump" coverage="0%"/>
									</conditions>
								</line>
								<line number="279" hits="0" branch="false"/>
								<line number="281" hits="0" branch="false"/>
								<line number="282" hits="0" branch="false"/>
							</lines>
						</method>
						<method name="setExceptionListener" signature="(Lnet/sf/marineapi/nmea/io/ExceptionListener;)V" line-rate="1.0" branch-rate="1.0">
							<lines>
								<line number="290" hits="1" branch="false"/>
								<line number="291" hits="1" branch="false"/>
							</lines>
						</method>
						<method name="setInputStream" signature="(Ljava/io/InputStream;)V" line-rate="1.0" branch-rate="0.5">
							<lines>
								<line number="300" hits="1" branch="true" condition-coverage="50% (1/2)">
									<conditions>
										<condition number="0" type="jump" coverage="50%"/>
									</conditions>
								</line>
								<line number="301" hits="1" branch="false"/>
								<line number="303" hits="1" branch="false"/>
								<line number="304" hits="1" branch="false"/>
							</lines>
						</method>
						<method name="setPauseTimeout" signature="(I)V" line-rate="1.0" branch-rate="1.0">
							<lines>
								<line number="312" hits="1" branch="false"/>
								<line number="313" hits="1" branch="false"/>
							</lines>
						</method>
						<method name="start" signature="()V" line-rate="0.8" branch-rate="0.125">
							<lines>
								<line number="321" hits="2" branch="true" condition-coverage="12% (1/8)">
									<conditions>
										<condition number="0" type="jump" coverage="50%"/>
										<condition number="1" type="jump" coverage="0%"/>
										<condition number="2" type="jump" coverage="0%"/>
										<condition number="3" type="jump" coverage="0%"/>
									</conditions>
								</line>
								<line number="323" hits="0" branch="false"/>
								<line number="325" hits="2" branch="false"/>
								<line number="326" hits="2" branch="false"/>
								<line number="327" hits="2" branch="false"/>
							</lines>
						</method>
						<method name="stop" signature="()V" line-rate="1.0" branch-rate="0.5">
							<lines>
								<line number="333" hits="3" branch="true" condition-coverage="50% (2/4)">
									<conditions>
										<condition number="0" type="jump" coverage="50%"/>
										<condition number="1" type="jump" coverage="50%"/>
									</conditions>
								</line>
								<line number="334" hits="3" branch="false"/>
								<line number="336" hits="3" branch="false"/>
							</lines>
						</method>
					</methods>
					<lines>
						<line number="63" hits="1" branch="false"/>
						<line number="71" hits="17" branch="false"/>
						<line number="73" hits="17" branch="false"/>
						<line number="76" hits="17" branch="false"/>
						<line number="83" hits="0" branch="false"/>
						<line number="84" hits="0" branch="false"/>
						<line number="85" hits="0" branch="false"/>
						<line number="92" hits="17" branch="false"/>
						<line number="93" hits="17" branch="false"/>
						<line number="94" hits="17" branch="false"/>
						<line number="104" hits="12" branch="false"/>
						<line number="105" hits="12" branch="false"/>
						<line number="116" hits="27" branch="false"/>
						<line number="117" hits="27" branch="false"/>
						<line number="128" hits="1" branch="false"/>
						<line number="129" hits="1" branch="false"/>
						<line number="135" hits="1" branch="true" condition-coverage="100% (2/2)">
							<conditions>
								<condition number="0" type="jump" coverage="100%"/>
							</conditions>
						</line>
						<line number="136" hits="2" branch="true" condition-coverage="100% (2/2)">
							<conditions>
								<condition number="0" type="jump" coverage="100%"/>
							</conditions>
						</line>
						<line number="138" hits="2" branch="false"/>
						<line number="139" hits="0" branch="false"/>
						<line number="140" hits="0" branch="false"/>
						<line number="141" hits="4" branch="false"/>
						<line number="144" hits="1" branch="false"/>
						<line number="151" hits="3" branch="true" condition-coverage="100% (2/2)">
							<conditions>
								<condition number="0" type="jump" coverage="100%"/>
							</conditions>
						</line>
						<line number="152" hits="6" branch="true" condition-coverage="100% (2/2)">
							<conditions>
								<condition number="0" type="jump" coverage="100%"/>
							</conditions>
						</line>
						<line number="154" hits="5" branch="false"/>
						<line number="155" hits="0" branch="false"/>
						<line number="156" hits="0" branch="false"/>
						<line number="157" hits="10" branch="false"/>
						<line number="160" hits="3" branch="false"/>
						<line number="166" hits="3" branch="true" condition-coverage="100% (2/2)">
							<conditions>
								<condition number="0" type="jump" coverage="100%"/>
							</conditions>
						</line>
						<line number="167" hits="6" branch="true" condition-coverage="100% (2/2)">
							<conditions>
								<condition number="0" type="jump" coverage="100%"/>
							</conditions>
						</line>
						<line number="169" hits="6" branch="false"/>
						<line number="170" hits="0" branch="false"/>
						<line number="171" hits="0" branch="false"/>
						<line number="172" hits="12" branch="false"/>
						<line number="175" hits="3" branch="false"/>
						<line number="184" hits="10" branch="false"/>
						<line number="185" hits="10" branch="false"/>
						<line number="187" hits="10" branch="true" condition-coverage="100% (2/2)">
							<conditions>
								<condition number="0" type="jump" coverage="100%"/>
							</conditions>
						</line>
						<line number="188" hits="3" branch="false"/>
						<line number="190" hits="10" branch="true" condition-coverage="50% (1/2)">
							<conditions>
								<condition number="0" type="jump" coverage="50%"/>
							</conditions>
						</line>
						<line number="191" hits="10" branch="false"/>
						<line number="194" hits="10" branch="true" condition-coverage="100% (2/2)">
							<conditions>
								<condition number="0" type="jump" coverage="100%"/>
							</conditions>
						</line>
						<line number="196" hits="13" branch="false"/>
						<line number="197" hits="13" branch="false"/>
						<line number="198" hits="0" branch="false"/>
						<line number="199" hits="0" branch="false"/>
						<line number="200" hits="26" branch="false"/>
						<line number="202" hits="10" branch="false"/>
						<line number="210" hits="0" branch="false"/>
						<line number="220" hits="10" branch="false"/>
						<line number="231" hits="10" branch="false"/>
						<line number="232" hits="10" branch="true" condition-coverage="50% (1/2)">
							<conditions>
								<condition number="0" type="jump" coverage="50%"/>
							</conditions>
						</line>
						<line number="234" hits="10" branch="false"/>
						<line number="235" hits="0" branch="false"/>
						<line number="236" hits="0" branch="false"/>
						<line number="237" hits="10" branch="false"/>
						<line number="239" hits="10" branch="false"/>
						<line number="248" hits="40" branch="true" condition-coverage="50% (1/2)">
							<conditions>
								<condition number="0" type="jump" coverage="50%"/>
							</conditions>
						</line>
						<line number="249" hits="0" branch="false"/>
						<line number="251" hits="40" branch="false"/>
						<line number="252" hits="40" branch="false"/>
						<line number="253" hits="40" branch="false"/>
						<line number="255" hits="40" branch="false"/>
						<line number="264" hits="1" branch="true" condition-coverage="100% (2/2)">
							<conditions>
								<condition number="0" type="jump" coverage="100%"/>
							</conditions>
						</line>
						<line number="265" hits="2" branch="true" condition-coverage="100% (2/2)">
							<conditions>
								<condition number="0" type="jump" coverage="100%"/>
							</conditions>
						</line>
						<line number="266" hits="1" branch="false"/>
						<line number="269" hits="1" branch="false"/>
						<line number="278" hits="0" branch="true" condition-coverage="0% (0/2)">
							<conditions>
								<condition number="0" type="jump" coverage="0%"/>
							</conditions>
						</line>
						<line number="279" hits="0" branch="false"/>
						<line number="281" hits="0" branch="false"/>
						<line number="282" hits="0" branch="false"/>
						<line number="290" hits="1" branch="false"/>
						<line number="291" hits="1" branch="false"/>
						<line number="300" hits="1" branch="true" condition-coverage="50% (1/2)">
							<conditions>
								<condition number="0" type="jump" coverage="50%"/>
							</conditions>
						</line>
						<line number="301" hits="1" branch="false"/>
						<line number="303" hits="1" branch="false"/>
						<line number="304" hits="1" branch="false"/>
						<line number="312" hits="1" branch="false"/>
						<line number="313" hits="1" branch="false"/>
						<line number="321" hits="2" branch="true" condition-coverage="12% (1/8)">
							<conditions>
								<condition number="0" type="jump" coverage="50%"/>
								<condition number="1" type="jump" coverage="0%"/>
								<condition number="2" type="jump" coverage="0%"/>
								<condition number="3" type="jump" coverage="0%"/>
							</conditions>
						</line>
						<line number="323" hits="0" branch="false"/>
						<line number="325" hits="2" branch="false"/>
						<line number="326" hits="2" branch="false"/>
						<line number="327" hits="2" branch="false"/>
						<line number="333" hits="3" branch="true" condition-coverage="50% (2/4)">
							<conditions>
								<condition number="0" type="jump" coverage="50%"/>
								<condition number="1" type="jump" coverage="50%"/>
							</conditions>
						</line>
						<line number="334" hits="3" branch="false"/>
						<line number="336" hits="3" branch="false"/>
					</lines>
				</class>
				<class name="net.sf.marineapi.nmea.io.UDPDataReader" filename="net/sf/marineapi/nmea/io/UDPDataReader.java" line-rate="0.0" branch-rate="0.0" complexity="1.6666666666666667">
					<methods>
						<method name="&lt;init&gt;" signature="(Ljava/net/DatagramSocket;Lnet/sf/marineapi/nmea/io/SentenceReader;)V" line-rate="0.0" branch-rate="1.0">
							<lines>
								<line number="37" hits="0" branch="false"/>
								<line number="38" hits="0" branch="false"/>
								<line number="47" hits="0" branch="false"/>
								<line number="48" hits="0" branch="false"/>
								<line number="49" hits="0" branch="false"/>
							</lines>
						</method>
						<method name="read" signature="()Ljava/lang/String;" line-rate="0.0" branch-rate="0.0">
							<lines>
								<line number="53" hits="0" branch="false"/>
								<line number="54" hits="0" branch="true" condition-coverage="0% (0/2)">
									<conditions>
										<condition number="0" type="jump" coverage="0%"/>
									</conditions>
								</line>
								<line number="55" hits="0" branch="false"/>
								<line number="56" hits="0" branch="false"/>
								<line number="58" hits="0" branch="false"/>
							</lines>
						</method>
						<method name="receive" signature="()Ljava/lang/String;" line-rate="0.0" branch-rate="1.0">
							<lines>
								<line number="65" hits="0" branch="false"/>
								<line number="67" hits="0" branch="false"/>
								<line number="68" hits="0" branch="false"/>
								<line number="69" hits="0" branch="false"/>
								<line number="70" hits="0" branch="false"/>
								<line number="71" hits="0" branch="false"/>
								<line number="72" hits="0" branch="false"/>
								<line number="73" hits="0" branch="false"/>
							</lines>
						</method>
					</methods>
					<lines>
						<line number="37" hits="0" branch="false"/>
						<line number="38" hits="0" branch="false"/>
						<line number="47" hits="0" branch="false"/>
						<line number="48" hits="0" branch="false"/>
						<line number="49" hits="0" branch="false"/>
						<line number="53" hits="0" branch="false"/>
						<line number="54" hits="0" branch="true" condition-coverage="0% (0/2)">
							<conditions>
								<condition number="0" type="jump" coverage="0%"/>
							</conditions>
						</line>
						<line number="55" hits="0" branch="false"/>
						<line number="56" hits="0" branch="false"/>
						<line number="58" hits="0" branch="false"/>
						<line number="65" hits="0" branch="false"/>
						<line number="67" hits="0" branch="false"/>
						<line number="68" hits="0" branch="false"/>
						<line number="69" hits="0" branch="false"/>
						<line number="70" hits="0" branch="false"/>
						<line number="71" hits="0" branch="false"/>
						<line number="72" hits="0" branch="false"/>
						<line number="73" hits="0" branch="false"/>
					</lines>
				</class>
			</classes>
		</package>
		<package name="net.sf.marineapi.nmea.parser" line-rate="0.9371011850501367" branch-rate="0.7551724137931034" complexity="1.476997578692494">
			<classes>
				<class name="net.sf.marineapi.nmea.parser.APBParser" filename="net/sf/marineapi/nmea/parser/APBParser.java" line-rate="0.9811320754716981" branch-rate="0.5" complexity="1.2666666666666666">
					<methods>
						<method name="&lt;init&gt;" signature="(Ljava/lang/String;)V" line-rate="1.0" branch-rate="1.0">
							<lines>
								<line number="55" hits="17" branch="false"/>
								<line number="56" hits="17" branch="false"/>
							</lines>
						</method>
						<method name="&lt;init&gt;" signature="(Lnet/sf/marineapi/nmea/sentence/TalkerId;)V" line-rate="1.0" branch-rate="1.0">
							<lines>
								<line number="64" hits="19" branch="false"/>
								<line number="65" hits="19" branch="false"/>
							</lines>
						</method>
						<method name="getBearingOriginToDestination" signature="()D" line-rate="1.0" branch-rate="1.0">
							<lines>
								<line number="88" hits="1" branch="false"/>
							</lines>
						</method>
						<method name="getBearingPositionToDestination" signature="()D" line-rate="1.0" branch-rate="1.0">
							<lines>
								<line number="76" hits="1" branch="false"/>
							</lines>
						</method>
						<method name="getCrossTrackError" signature="()D" line-rate="1.0" branch-rate="1.0">
							<lines>
								<line number="98" hits="1" branch="false"/>
							</lines>
						</method>
						<method name="getCrossTrackUnits" signature="()C" line-rate="1.0" branch-rate="1.0">
							<lines>
								<line number="108" hits="1" branch="false"/>
							</lines>
						</method>
						<method name="getCycleLockStatus" signature="()Lnet/sf/marineapi/nmea/util/DataStatus;" line-rate="1.0" branch-rate="1.0">
							<lines>
								<line number="118" hits="1" branch="false"/>
							</lines>
						</method>
						<method name="getDestionationWaypointId" signature="()Ljava/lang/String;" line-rate="1.0" branch-rate="1.0">
							<lines>
								<line number="129" hits="1" branch="false"/>
							</lines>
						</method>
						<method name="getHeadingToDestionation" signature="()D" line-rate="1.0" branch-rate="1.0">
							<lines>
								<line number="140" hits="1" branch="false"/>
							</lines>
						</method>
						<method name="getStatus" signature="()Lnet/sf/marineapi/nmea/util/DataStatus;" line-rate="1.0" branch-rate="1.0">
							<lines>
								<line number="150" hits="1" branch="false"/>
							</lines>
						</method>
						<method name="getSteerTo" signature="()Lnet/sf/marineapi/nmea/util/Direction;" line-rate="1.0" branch-rate="1.0">
							<lines>
								<line number="160" hits="1" branch="false"/>
							</lines>
						</method>
						<method name="isArrivalCircleEntered" signature="()Z" line-rate="1.0" branch-rate="0.5">
							<lines>
								<line number="170" hits="2" branch="true" condition-coverage="50% (1/2)">
									<conditions>
										<condition number="0" type="jump" coverage="50%"/>
									</conditions>
								</line>
							</lines>
						</method>
						<method name="isBearingOriginToDestionationTrue" signature="()Z" line-rate="1.0" branch-rate="0.5">
							<lines>
								<line number="182" hits="1" branch="true" condition-coverage="50% (1/2)">
									<conditions>
										<condition number="0" type="jump" coverage="50%"/>
									</conditions>
								</line>
							</lines>
						</method>
						<method name="isBearingPositionToDestinationTrue" signature="()Z" line-rate="1.0" branch-rate="0.5">
							<lines>
								<line number="194" hits="1" branch="true" condition-coverage="50% (1/2)">
									<conditions>
										<condition number="0" type="jump" coverage="50%"/>
									</conditions>
								</line>
							</lines>
						</method>
						<method name="isHeadingToDestinationTrue" signature="()Z" line-rate="1.0" branch-rate="0.5">
							<lines>
								<line number="205" hits="1" branch="true" condition-coverage="50% (1/2)">
									<conditions>
										<condition number="0" type="jump" coverage="50%"/>
									</conditions>
								</line>
							</lines>
						</method>
						<method name="isPerpendicularPassed" signature="()Z" line-rate="1.0" branch-rate="0.5">
							<lines>
								<line number="215" hits="1" branch="true" condition-coverage="50% (1/2)">
									<conditions>
										<condition number="0" type="jump" coverage="50%"/>
									</conditions>
								</line>
							</lines>
						</method>
						<method name="setArrivalCircleEntered" signature="(Z)V" line-rate="1.0" branch-rate="0.5">
							<lines>
								<line number="227" hits="2" branch="true" condition-coverage="50% (1/2)">
									<conditions>
										<condition number="0" type="jump" coverage="50%"/>
									</conditions>
								</line>
								<line number="228" hits="2" branch="false"/>
								<line number="229" hits="2" branch="false"/>
							</lines>
						</method>
						<method name="setBearingOriginToDestination" signature="(D)V" line-rate="1.0" branch-rate="1.0">
							<lines>
								<line number="240" hits="1" branch="false"/>
								<line number="241" hits="1" branch="false"/>
							</lines>
						</method>
						<method name="setBearingOriginToDestionationTrue" signature="(Z)V" line-rate="1.0" branch-rate="0.5">
							<lines>
								<line number="252" hits="1" branch="true" condition-coverage="50% (1/2)">
									<conditions>
										<condition number="0" type="jump" coverage="50%"/>
									</conditions>
								</line>
								<line number="253" hits="1" branch="false"/>
								<line number="254" hits="1" branch="false"/>
							</lines>
						</method>
						<method name="setBearingPositionToDestination" signature="(D)V" line-rate="1.0" branch-rate="1.0">
							<lines>
								<line number="265" hits="1" branch="false"/>
								<line number="266" hits="1" branch="false"/>
							</lines>
						</method>
						<method name="setBearingPositionToDestinationTrue" signature="(Z)V" line-rate="1.0" branch-rate="0.5">
							<lines>
								<line number="276" hits="1" branch="true" condition-coverage="50% (1/2)">
									<conditions>
										<condition number="0" type="jump" coverage="50%"/>
									</conditions>
								</line>
								<line number="277" hits="1" branch="false"/>
								<line number="278" hits="1" branch="false"/>
							</lines>
						</method>
						<method name="setCrossTrackError" signature="(D)V" line-rate="1.0" branch-rate="1.0">
							<lines>
								<line number="288" hits="1" branch="false"/>
								<line number="289" hits="1" branch="false"/>
							</lines>
						</method>
						<method name="setCrossTrackUnits" signature="(C)V" line-rate="0.75" branch-rate="0.5">
							<lines>
								<line number="298" hits="1" branch="true" condition-coverage="50% (2/4)">
									<conditions>
										<condition number="0" type="jump" coverage="50%"/>
										<condition number="1" type="jump" coverage="50%"/>
									</conditions>
								</line>
								<line number="299" hits="0" branch="false"/>
								<line number="302" hits="1" branch="false"/>
								<line number="303" hits="1" branch="false"/>
							</lines>
						</method>
						<method name="setCycleLockStatus" signature="(Lnet/sf/marineapi/nmea/util/DataStatus;)V" line-rate="1.0" branch-rate="1.0">
							<lines>
								<line number="314" hits="1" branch="false"/>
								<line number="315" hits="1" branch="false"/>
							</lines>
						</method>
						<method name="setDestinationWaypointId" signature="(Ljava/lang/String;)V" line-rate="1.0" branch-rate="1.0">
							<lines>
								<line number="326" hits="1" branch="false"/>
								<line number="327" hits="1" branch="false"/>
							</lines>
						</method>
						<method name="setHeadingToDestination" signature="(D)V" line-rate="1.0" branch-rate="1.0">
							<lines>
								<line number="338" hits="1" branch="false"/>
								<line number="339" hits="1" branch="false"/>
							</lines>
						</method>
						<method name="setHeadingToDestinationTrue" signature="(Z)V" line-rate="1.0" branch-rate="0.5">
							<lines>
								<line number="350" hits="1" branch="true" condition-coverage="50% (1/2)">
									<conditions>
										<condition number="0" type="jump" coverage="50%"/>
									</conditions>
								</line>
								<line number="351" hits="1" branch="false"/>
								<line number="352" hits="1" branch="false"/>
							</lines>
						</method>
						<method name="setPerpendicularPassed" signature="(Z)V" line-rate="1.0" branch-rate="0.5">
							<lines>
								<line number="363" hits="1" branch="true" condition-coverage="50% (1/2)">
									<conditions>
										<condition number="0" type="jump" coverage="50%"/>
									</conditions>
								</line>
								<line number="364" hits="1" branch="false"/>
								<line number="365" hits="1" branch="false"/>
							</lines>
						</method>
						<method name="setStatus" signature="(Lnet/sf/marineapi/nmea/util/DataStatus;)V" line-rate="1.0" branch-rate="1.0">
							<lines>
								<line number="376" hits="1" branch="false"/>
								<line number="377" hits="1" branch="false"/>
							</lines>
						</method>
						<method name="setSteerTo" signature="(Lnet/sf/marineapi/nmea/util/Direction;)V" line-rate="1.0" branch-rate="1.0">
							<lines>
								<line number="388" hits="1" branch="false"/>
								<line number="389" hits="1" branch="false"/>
							</lines>
						</method>
					</methods>
					<lines>
						<line number="55" hits="17" branch="false"/>
						<line number="56" hits="17" branch="false"/>
						<line number="64" hits="19" branch="false"/>
						<line number="65" hits="19" branch="false"/>
						<line number="76" hits="1" branch="false"/>
						<line number="88" hits="1" branch="false"/>
						<line number="98" hits="1" branch="false"/>
						<line number="108" hits="1" branch="false"/>
						<line number="118" hits="1" branch="false"/>
						<line number="129" hits="1" branch="false"/>
						<line number="140" hits="1" branch="false"/>
						<line number="150" hits="1" branch="false"/>
						<line number="160" hits="1" branch="false"/>
						<line number="170" hits="2" branch="true" condition-coverage="50% (1/2)">
							<conditions>
								<condition number="0" type="jump" coverage="50%"/>
							</conditions>
						</line>
						<line number="182" hits="1" branch="true" condition-coverage="50% (1/2)">
							<conditions>
								<condition number="0" type="jump" coverage="50%"/>
							</conditions>
						</line>
						<line number="194" hits="1" branch="true" condition-coverage="50% (1/2)">
							<conditions>
								<condition number="0" type="jump" coverage="50%"/>
							</conditions>
						</line>
						<line number="205" hits="1" branch="true" condition-coverage="50% (1/2)">
							<conditions>
								<condition number="0" type="jump" coverage="50%"/>
							</conditions>
						</line>
						<line number="215" hits="1" branch="true" condition-coverage="50% (1/2)">
							<conditions>
								<condition number="0" type="jump" coverage="50%"/>
							</conditions>
						</line>
						<line number="227" hits="2" branch="true" condition-coverage="50% (1/2)">
							<conditions>
								<condition number="0" type="jump" coverage="50%"/>
							</conditions>
						</line>
						<line number="228" hits="2" branch="false"/>
						<line number="229" hits="2" branch="false"/>
						<line number="240" hits="1" branch="false"/>
						<line number="241" hits="1" branch="false"/>
						<line number="252" hits="1" branch="true" condition-coverage="50% (1/2)">
							<conditions>
								<condition number="0" type="jump" coverage="50%"/>
							</conditions>
						</line>
						<line number="253" hits="1" branch="false"/>
						<line number="254" hits="1" branch="false"/>
						<line number="265" hits="1" branch="false"/>
						<line number="266" hits="1" branch="false"/>
						<line number="276" hits="1" branch="true" condition-coverage="50% (1/2)">
							<conditions>
								<condition number="0" type="jump" coverage="50%"/>
							</conditions>
						</line>
						<line number="277" hits="1" branch="false"/>
						<line number="278" hits="1" branch="false"/>
						<line number="288" hits="1" branch="false"/>
						<line number="289" hits="1" branch="false"/>
						<line number="298" hits="1" branch="true" condition-coverage="50% (2/4)">
							<conditions>
								<condition number="0" type="jump" coverage="50%"/>
								<condition number="1" type="jump" coverage="50%"/>
							</conditions>
						</line>
						<line number="299" hits="0" branch="false"/>
						<line number="302" hits="1" branch="false"/>
						<line number="303" hits="1" branch="false"/>
						<line number="314" hits="1" branch="false"/>
						<line number="315" hits="1" branch="false"/>
						<line number="326" hits="1" branch="false"/>
						<line number="327" hits="1" branch="false"/>
						<line number="338" hits="1" branch="false"/>
						<line number="339" hits="1" branch="false"/>
						<line number="350" hits="1" branch="true" condition-coverage="50% (1/2)">
							<conditions>
								<condition number="0" type="jump" coverage="50%"/>
							</conditions>
						</line>
						<line number="351" hits="1" branch="false"/>
						<line number="352" hits="1" branch="false"/>
						<line number="363" hits="1" branch="true" condition-coverage="50% (1/2)">
							<conditions>
								<condition number="0" type="jump" coverage="50%"/>
							</conditions>
						</line>
						<line number="364" hits="1" branch="false"/>
						<line number="365" hits="1" branch="false"/>
						<line number="376" hits="1" branch="false"/>
						<line number="377" hits="1" branch="false"/>
						<line number="388" hits="1" branch="false"/>
						<line number="389" hits="1" branch="false"/>
					</lines>
				</class>
				<class name="net.sf.marineapi.nmea.parser.BODParser" filename="net/sf/marineapi/nmea/parser/BODParser.java" line-rate="1.0" branch-rate="1.0" complexity="1.0">
					<methods>
						<method name="&lt;init&gt;" signature="(Ljava/lang/String;)V" line-rate="1.0" branch-rate="1.0">
							<lines>
								<line number="51" hits="27" branch="false"/>
								<line number="52" hits="24" branch="false"/>
							</lines>
						</method>
						<method name="&lt;init&gt;" signature="(Lnet/sf/marineapi/nmea/sentence/TalkerId;)V" line-rate="1.0" branch-rate="1.0">
							<lines>
								<line number="60" hits="24" branch="false"/>
								<line number="61" hits="23" branch="false"/>
								<line number="62" hits="23" branch="false"/>
								<line number="63" hits="23" branch="false"/>
							</lines>
						</method>
						<method name="getDestinationWaypointId" signature="()Ljava/lang/String;" line-rate="1.0" branch-rate="1.0">
							<lines>
								<line number="71" hits="4" branch="false"/>
							</lines>
						</method>
						<method name="getMagneticBearing" signature="()D" line-rate="1.0" branch-rate="1.0">
							<lines>
								<line number="79" hits="3" branch="false"/>
							</lines>
						</method>
						<method name="getOriginWaypointId" signature="()Ljava/lang/String;" line-rate="1.0" branch-rate="1.0">
							<lines>
								<line number="87" hits="2" branch="false"/>
							</lines>
						</method>
						<method name="getTrueBearing" signature="()D" line-rate="1.0" branch-rate="1.0">
							<lines>
								<line number="95" hits="3" branch="false"/>
							</lines>
						</method>
						<method name="setDestinationWaypointId" signature="(Ljava/lang/String;)V" line-rate="1.0" branch-rate="1.0">
							<lines>
								<line number="105" hits="3" branch="false"/>
								<line number="106" hits="3" branch="false"/>
							</lines>
						</method>
						<method name="setMagneticBearing" signature="(D)V" line-rate="1.0" branch-rate="1.0">
							<lines>
								<line number="114" hits="4" branch="false"/>
								<line number="115" hits="2" branch="false"/>
							</lines>
						</method>
						<method name="setOriginWaypointId" signature="(Ljava/lang/String;)V" line-rate="1.0" branch-rate="1.0">
							<lines>
								<line number="124" hits="1" branch="false"/>
								<line number="125" hits="1" branch="false"/>
							</lines>
						</method>
						<method name="setTrueBearing" signature="(D)V" line-rate="1.0" branch-rate="1.0">
							<lines>
								<line number="132" hits="4" branch="false"/>
								<line number="133" hits="2" branch="false"/>
							</lines>
						</method>
					</methods>
					<lines>
						<line number="51" hits="27" branch="false"/>
						<line number="52" hits="24" branch="false"/>
						<line number="60" hits="24" branch="false"/>
						<line number="61" hits="23" branch="false"/>
						<line number="62" hits="23" branch="false"/>
						<line number="63" hits="23" branch="false"/>
						<line number="71" hits="4" branch="false"/>
						<line number="79" hits="3" branch="false"/>
						<line number="87" hits="2" branch="false"/>
						<line number="95" hits="3" branch="false"/>
						<line number="105" hits="3" branch="false"/>
						<line number="106" hits="3" branch="false"/>
						<line number="114" hits="4" branch="false"/>
						<line number="115" hits="2" branch="false"/>
						<line number="124" hits="1" branch="false"/>
						<line number="125" hits="1" branch="false"/>
						<line number="132" hits="4" branch="false"/>
						<line number="133" hits="2" branch="false"/>
					</lines>
				</class>
				<class name="net.sf.marineapi.nmea.parser.DBTParser" filename="net/sf/marineapi/nmea/parser/DBTParser.java" line-rate="1.0" branch-rate="1.0" complexity="1.0">
					<methods>
						<method name="&lt;init&gt;" signature="(Ljava/lang/String;)V" line-rate="1.0" branch-rate="1.0">
							<lines>
								<line number="50" hits="7" branch="false"/>
								<line number="51" hits="7" branch="false"/>
							</lines>
						</method>
						<method name="&lt;init&gt;" signature="(Lnet/sf/marineapi/nmea/sentence/TalkerId;)V" line-rate="1.0" branch-rate="1.0">
							<lines>
								<line number="59" hits="9" branch="false"/>
								<line number="60" hits="9" branch="false"/>
								<line number="61" hits="9" branch="false"/>
								<line number="62" hits="9" branch="false"/>
								<line number="63" hits="9" branch="false"/>
							</lines>
						</method>
						<method name="getDepth" signature="()D" line-rate="1.0" branch-rate="1.0">
							<lines>
								<line number="70" hits="2" branch="false"/>
							</lines>
						</method>
						<method name="getFathoms" signature="()D" line-rate="1.0" branch-rate="1.0">
							<lines>
								<line number="78" hits="2" branch="false"/>
							</lines>
						</method>
						<method name="getFeet" signature="()D" line-rate="1.0" branch-rate="1.0">
							<lines>
								<line number="86" hits="2" branch="false"/>
							</lines>
						</method>
						<method name="setDepth" signature="(D)V" line-rate="1.0" branch-rate="1.0">
							<lines>
								<line number="94" hits="1" branch="false"/>
								<line number="95" hits="1" branch="false"/>
							</lines>
						</method>
						<method name="setFathoms" signature="(D)V" line-rate="1.0" branch-rate="1.0">
							<lines>
								<line number="102" hits="1" branch="false"/>
								<line number="103" hits="1" branch="false"/>
							</lines>
						</method>
						<method name="setFeet" signature="(D)V" line-rate="1.0" branch-rate="1.0">
							<lines>
								<line number="110" hits="1" branch="false"/>
								<line number="111" hits="1" branch="false"/>
							</lines>
						</method>
					</methods>
					<lines>
						<line number="50" hits="7" branch="false"/>
						<line number="51" hits="7" branch="false"/>
						<line number="59" hits="9" branch="false"/>
						<line number="60" hits="9" branch="false"/>
						<line number="61" hits="9" branch="false"/>
						<line number="62" hits="9" branch="false"/>
						<line number="63" hits="9" branch="false"/>
						<line number="70" hits="2" branch="false"/>
						<line number="78" hits="2" branch="false"/>
						<line number="86" hits="2" branch="false"/>
						<line number="94" hits="1" branch="false"/>
						<line number="95" hits="1" branch="false"/>
						<line number="102" hits="1" branch="false"/>
						<line number="103" hits="1" branch="false"/>
						<line number="110" hits="1" branch="false"/>
						<line number="111" hits="1" branch="false"/>
					</lines>
				</class>
				<class name="net.sf.marineapi.nmea.parser.DPTParser" filename="net/sf/marineapi/nmea/parser/DPTParser.java" line-rate="1.0" branch-rate="1.0" complexity="1.0">
					<methods>
						<method name="&lt;init&gt;" signature="(Ljava/lang/String;)V" line-rate="1.0" branch-rate="1.0">
							<lines>
								<line number="44" hits="8" branch="false"/>
								<line number="45" hits="8" branch="false"/>
							</lines>
						</method>
						<method name="&lt;init&gt;" signature="(Lnet/sf/marineapi/nmea/sentence/TalkerId;)V" line-rate="1.0" branch-rate="1.0">
							<lines>
								<line number="53" hits="10" branch="false"/>
								<line number="54" hits="10" branch="false"/>
							</lines>
						</method>
						<method name="getDepth" signature="()D" line-rate="1.0" branch-rate="1.0">
							<lines>
								<line number="61" hits="2" branch="false"/>
							</lines>
						</method>
						<method name="getMaximum" signature="()I" line-rate="1.0" branch-rate="1.0">
							<lines>
								<line number="93" hits="2" branch="false"/>
							</lines>
						</method>
						<method name="getOffset" signature="()D" line-rate="1.0" branch-rate="1.0">
							<lines>
								<line number="69" hits="2" branch="false"/>
							</lines>
						</method>
						<method name="setDepth" signature="(D)V" line-rate="1.0" branch-rate="1.0">
							<lines>
								<line number="77" hits="1" branch="false"/>
								<line number="78" hits="1" branch="false"/>
							</lines>
						</method>
						<method name="setMaximum" signature="(I)V" line-rate="1.0" branch-rate="1.0">
							<lines>
								<line number="101" hits="1" branch="false"/>
								<line number="102" hits="1" branch="false"/>
							</lines>
						</method>
						<method name="setOffset" signature="(D)V" line-rate="1.0" branch-rate="1.0">
							<lines>
								<line number="85" hits="1" branch="false"/>
								<line number="86" hits="1" branch="false"/>
							</lines>
						</method>
					</methods>
					<lines>
						<line number="44" hits="8" branch="false"/>
						<line number="45" hits="8" branch="false"/>
						<line number="53" hits="10" branch="false"/>
						<line number="54" hits="10" branch="false"/>
						<line number="61" hits="2" branch="false"/>
						<line number="69" hits="2" branch="false"/>
						<line number="77" hits="1" branch="false"/>
						<line number="78" hits="1" branch="false"/>
						<line number="85" hits="1" branch="false"/>
						<line number="86" hits="1" branch="false"/>
						<line number="93" hits="2" branch="false"/>
						<line number="101" hits="1" branch="false"/>
						<line number="102" hits="1" branch="false"/>
					</lines>
				</class>
				<class name="net.sf.marineapi.nmea.parser.DTMParser" filename="net/sf/marineapi/nmea/parser/DTMParser.java" line-rate="0.9230769230769231" branch-rate="0.5" complexity="1.1538461538461537">
					<methods>
						<method name="&lt;init&gt;" signature="(Ljava/lang/String;)V" line-rate="1.0" branch-rate="1.0">
							<lines>
								<line number="47" hits="13" branch="false"/>
								<line number="48" hits="13" branch="false"/>
							</lines>
						</method>
						<method name="&lt;init&gt;" signature="(Lnet/sf/marineapi/nmea/sentence/TalkerId;)V" line-rate="1.0" branch-rate="1.0">
							<lines>
								<line number="51" hits="15" branch="false"/>
								<line number="52" hits="15" branch="false"/>
							</lines>
						</method>
						<method name="getAltitudeOffset" signature="()D" line-rate="1.0" branch-rate="1.0">
							<lines>
								<line number="61" hits="1" branch="false"/>
							</lines>
						</method>
						<method name="getDatumCode" signature="()Ljava/lang/String;" line-rate="1.0" branch-rate="1.0">
							<lines>
								<line number="71" hits="2" branch="false"/>
							</lines>
						</method>
						<method name="getDatumSubCode" signature="()Ljava/lang/String;" line-rate="1.0" branch-rate="1.0">
							<lines>
								<line number="81" hits="2" branch="false"/>
							</lines>
						</method>
						<method name="getLatitudeOffset" signature="()D" line-rate="1.0" branch-rate="1.0">
							<lines>
								<line number="91" hits="2" branch="false"/>
							</lines>
						</method>
						<method name="getLongitudeOffset" signature="()D" line-rate="1.0" branch-rate="1.0">
							<lines>
								<line number="101" hits="2" branch="false"/>
							</lines>
						</method>
						<method name="getName" signature="()Ljava/lang/String;" line-rate="1.0" branch-rate="1.0">
							<lines>
								<line number="111" hits="2" branch="false"/>
							</lines>
						</method>
						<method name="setDatumCode" signature="(Ljava/lang/String;)V" line-rate="1.0" branch-rate="1.0">
							<lines>
								<line number="122" hits="1" branch="false"/>
								<line number="123" hits="1" branch="false"/>
							</lines>
						</method>
						<method name="setDatumSubCode" signature="(Ljava/lang/String;)V" line-rate="1.0" branch-rate="1.0">
							<lines>
								<line number="134" hits="1" branch="false"/>
								<line number="135" hits="1" branch="false"/>
							</lines>
						</method>
						<method name="setLatitudeOffset" signature="(D)V" line-rate="0.8" branch-rate="0.5">
							<lines>
								<line number="144" hits="1" branch="false"/>
								<line number="145" hits="1" branch="true" condition-coverage="50% (1/2)">
									<conditions>
										<condition number="0" type="jump" coverage="50%"/>
									</conditions>
								</line>
								<line number="146" hits="0" branch="false"/>
								<line number="148" hits="1" branch="false"/>
								<line number="150" hits="1" branch="false"/>
							</lines>
						</method>
						<method name="setLongitudeOffset" signature="(D)V" line-rate="0.8" branch-rate="0.5">
							<lines>
								<line number="160" hits="1" branch="false"/>
								<line number="161" hits="1" branch="true" condition-coverage="50% (1/2)">
									<conditions>
										<condition number="0" type="jump" coverage="50%"/>
									</conditions>
								</line>
								<line number="162" hits="0" branch="false"/>
								<line number="164" hits="1" branch="false"/>
								<line number="166" hits="1" branch="false"/>
							</lines>
						</method>
						<method name="setName" signature="(Ljava/lang/String;)V" line-rate="1.0" branch-rate="1.0">
							<lines>
								<line number="175" hits="1" branch="false"/>
								<line number="176" hits="1" branch="false"/>
							</lines>
						</method>
					</methods>
					<lines>
						<line number="47" hits="13" branch="false"/>
						<line number="48" hits="13" branch="false"/>
						<line number="51" hits="15" branch="false"/>
						<line number="52" hits="15" branch="false"/>
						<line number="61" hits="1" branch="false"/>
						<line number="71" hits="2" branch="false"/>
						<line number="81" hits="2" branch="false"/>
						<line number="91" hits="2" branch="false"/>
						<line number="101" hits="2" branch="false"/>
						<line number="111" hits="2" branch="false"/>
						<line number="122" hits="1" branch="false"/>
						<line number="123" hits="1" branch="false"/>
						<line number="134" hits="1" branch="false"/>
						<line number="135" hits="1" branch="false"/>
						<line number="144" hits="1" branch="false"/>
						<line number="145" hits="1" branch="true" condition-coverage="50% (1/2)">
							<conditions>
								<condition number="0" type="jump" coverage="50%"/>
							</conditions>
						</line>
						<line number="146" hits="0" branch="false"/>
						<line number="148" hits="1" branch="false"/>
						<line number="150" hits="1" branch="false"/>
						<line number="160" hits="1" branch="false"/>
						<line number="161" hits="1" branch="true" condition-coverage="50% (1/2)">
							<conditions>
								<condition number="0" type="jump" coverage="50%"/>
							</conditions>
						</line>
						<line number="162" hits="0" branch="false"/>
						<line number="164" hits="1" branch="false"/>
						<line number="166" hits="1" branch="false"/>
						<line number="175" hits="1" branch="false"/>
						<line number="176" hits="1" branch="false"/>
					</lines>
				</class>
				<class name="net.sf.marineapi.nmea.parser.DataNotAvailableException" filename="net/sf/marineapi/nmea/parser/DataNotAvailableException.java" line-rate="1.0" branch-rate="1.0" complexity="1.0">
					<methods>
						<method name="&lt;init&gt;" signature="(Ljava/lang/String;)V" line-rate="1.0" branch-rate="1.0">
							<lines>
								<line number="39" hits="37" branch="false"/>
								<line number="40" hits="37" branch="false"/>
							</lines>
						</method>
						<method name="&lt;init&gt;" signature="(Ljava/lang/String;Ljava/lang/Throwable;)V" line-rate="1.0" branch-rate="1.0">
							<lines>
								<line number="49" hits="1" branch="false"/>
								<line number="50" hits="1" branch="false"/>
							</lines>
						</method>
					</methods>
					<lines>
						<line number="39" hits="37" branch="false"/>
						<line number="40" hits="37" branch="false"/>
						<line number="49" hits="1" branch="false"/>
						<line number="50" hits="1" branch="false"/>
					</lines>
				</class>
				<class name="net.sf.marineapi.nmea.parser.GGAParser" filename="net/sf/marineapi/nmea/parser/GGAParser.java" line-rate="0.9375" branch-rate="0.6" complexity="1.2608695652173914">
					<methods>
						<method name="&lt;init&gt;" signature="(Ljava/lang/String;)V" line-rate="1.0" branch-rate="1.0">
							<lines>
								<line number="62" hits="29" branch="false"/>
								<line number="63" hits="29" branch="false"/>
							</lines>
						</method>
						<method name="&lt;init&gt;" signature="(Lnet/sf/marineapi/nmea/sentence/TalkerId;)V" line-rate="1.0" branch-rate="1.0">
							<lines>
								<line number="71" hits="25" branch="false"/>
								<line number="72" hits="25" branch="false"/>
							</lines>
						</method>
						<method name="getAltitude" signature="()D" line-rate="1.0" branch-rate="1.0">
							<lines>
								<line number="79" hits="5" branch="false"/>
							</lines>
						</method>
						<method name="getAltitudeUnits" signature="()Lnet/sf/marineapi/nmea/util/Units;" line-rate="0.6" branch-rate="0.75">
							<lines>
								<line number="87" hits="6" branch="false"/>
								<line number="88" hits="6" branch="true" condition-coverage="75% (3/4)">
									<conditions>
										<condition number="0" type="jump" coverage="100%"/>
										<condition number="1" type="jump" coverage="50%"/>
									</conditions>
								</line>
								<line number="89" hits="0" branch="false"/>
								<line number="90" hits="0" branch="false"/>
								<line number="92" hits="6" branch="false"/>
							</lines>
						</method>
						<method name="getDgpsAge" signature="()D" line-rate="1.0" branch-rate="1.0">
							<lines>
								<line number="100" hits="2" branch="false"/>
							</lines>
						</method>
						<method name="getDgpsStationId" signature="()Ljava/lang/String;" line-rate="1.0" branch-rate="1.0">
							<lines>
								<line number="108" hits="2" branch="false"/>
							</lines>
						</method>
						<method name="getFixQuality" signature="()Lnet/sf/marineapi/nmea/util/GpsFixQuality;" line-rate="1.0" branch-rate="1.0">
							<lines>
								<line number="116" hits="5" branch="false"/>
							</lines>
						</method>
						<method name="getGeoidalHeight" signature="()D" line-rate="1.0" branch-rate="1.0">
							<lines>
								<line number="124" hits="2" branch="false"/>
							</lines>
						</method>
						<method name="getGeoidalHeightUnits" signature="()Lnet/sf/marineapi/nmea/util/Units;" line-rate="1.0" branch-rate="1.0">
							<lines>
								<line number="132" hits="3" branch="false"/>
							</lines>
						</method>
						<method name="getHorizontalDOP" signature="()D" line-rate="1.0" branch-rate="1.0">
							<lines>
								<line number="140" hits="2" branch="false"/>
							</lines>
						</method>
						<method name="getPosition" signature="()Lnet/sf/marineapi/nmea/util/Position;" line-rate="0.8571428571428571" branch-rate="0.5">
							<lines>
								<line number="149" hits="3" branch="false"/>
								<line number="152" hits="3" branch="true" condition-coverage="50% (2/4)">
									<conditions>
										<condition number="0" type="jump" coverage="50%"/>
										<condition number="1" type="jump" coverage="50%"/>
									</conditions>
								</line>
								<line number="153" hits="3" branch="false"/>
								<line number="154" hits="3" branch="true" condition-coverage="50% (1/2)">
									<conditions>
										<condition number="0" type="jump" coverage="50%"/>
									</conditions>
								</line>
								<line number="155" hits="0" branch="false"/>
								<line number="157" hits="3" branch="false"/>
								<line number="160" hits="3" branch="false"/>
							</lines>
						</method>
						<method name="getSatelliteCount" signature="()I" line-rate="1.0" branch-rate="1.0">
							<lines>
								<line number="168" hits="1" branch="false"/>
							</lines>
						</method>
						<method name="getTime" signature="()Lnet/sf/marineapi/nmea/util/Time;" line-rate="1.0" branch-rate="1.0">
							<lines>
								<line number="176" hits="1" branch="false"/>
								<line number="177" hits="1" branch="false"/>
							</lines>
						</method>
						<method name="setAltitude" signature="(D)V" line-rate="1.0" branch-rate="1.0">
							<lines>
								<line number="185" hits="2" branch="false"/>
								<line number="186" hits="2" branch="false"/>
							</lines>
						</method>
						<method name="setAltitudeUnits" signature="(Lnet/sf/marineapi/nmea/util/Units;)V" line-rate="1.0" branch-rate="1.0">
							<lines>
								<line number="195" hits="2" branch="false"/>
								<line number="196" hits="2" branch="false"/>
							</lines>
						</method>
						<method name="setDgpsAge" signature="(D)V" line-rate="1.0" branch-rate="1.0">
							<lines>
								<line number="203" hits="1" branch="false"/>
								<line number="204" hits="1" branch="false"/>
							</lines>
						</method>
						<method name="setDgpsStationId" signature="(Ljava/lang/String;)V" line-rate="1.0" branch-rate="1.0">
							<lines>
								<line number="213" hits="1" branch="false"/>
								<line number="214" hits="1" branch="false"/>
							</lines>
						</method>
						<method name="setFixQuality" signature="(Lnet/sf/marineapi/nmea/util/GpsFixQuality;)V" line-rate="1.0" branch-rate="1.0">
							<lines>
								<line number="223" hits="1" branch="false"/>
								<line number="224" hits="1" branch="false"/>
							</lines>
						</method>
						<method name="setGeoidalHeight" signature="(D)V" line-rate="1.0" branch-rate="1.0">
							<lines>
								<line number="231" hits="1" branch="false"/>
								<line number="232" hits="1" branch="false"/>
							</lines>
						</method>
						<method name="setGeoidalHeightUnits" signature="(Lnet/sf/marineapi/nmea/util/Units;)V" line-rate="1.0" branch-rate="1.0">
							<lines>
								<line number="241" hits="1" branch="false"/>
								<line number="242" hits="1" branch="false"/>
							</lines>
						</method>
						<method name="setHorizontalDOP" signature="(D)V" line-rate="1.0" branch-rate="1.0">
							<lines>
								<line number="249" hits="1" branch="false"/>
								<line number="250" hits="1" branch="false"/>
							</lines>
						</method>
						<method name="setPosition" signature="(Lnet/sf/marineapi/nmea/util/Position;)V" line-rate="1.0" branch-rate="1.0">
							<lines>
								<line number="259" hits="1" branch="false"/>
								<line number="262" hits="1" branch="false"/>
								<line number="263" hits="1" branch="false"/>
								<line number="264" hits="1" branch="false"/>
							</lines>
						</method>
						<method name="setTime" signature="(Lnet/sf/marineapi/nmea/util/Time;)V" line-rate="1.0" branch-rate="1.0">
							<lines>
								<line number="273" hits="1" branch="false"/>
								<line number="274" hits="1" branch="false"/>
							</lines>
						</method>
					</methods>
					<lines>
						<line number="62" hits="29" branch="false"/>
						<line number="63" hits="29" branch="false"/>
						<line number="71" hits="25" branch="false"/>
						<line number="72" hits="25" branch="false"/>
						<line number="79" hits="5" branch="false"/>
						<line number="87" hits="6" branch="false"/>
						<line number="88" hits="6" branch="true" condition-coverage="75% (3/4)">
							<conditions>
								<condition number="0" type="jump" coverage="100%"/>
								<condition number="1" type="jump" coverage="50%"/>
							</conditions>
						</line>
						<line number="89" hits="0" branch="false"/>
						<line number="90" hits="0" branch="false"/>
						<line number="92" hits="6" branch="false"/>
						<line number="100" hits="2" branch="false"/>
						<line number="108" hits="2" branch="false"/>
						<line number="116" hits="5" branch="false"/>
						<line number="124" hits="2" branch="false"/>
						<line number="132" hits="3" branch="false"/>
						<line number="140" hits="2" branch="false"/>
						<line number="149" hits="3" branch="false"/>
						<line number="152" hits="3" branch="true" condition-coverage="50% (2/4)">
							<conditions>
								<condition number="0" type="jump" coverage="50%"/>
								<condition number="1" type="jump" coverage="50%"/>
							</conditions>
						</line>
						<line number="153" hits="3" branch="false"/>
						<line number="154" hits="3" branch="true" condition-coverage="50% (1/2)">
							<conditions>
								<condition number="0" type="jump" coverage="50%"/>
							</conditions>
						</line>
						<line number="155" hits="0" branch="false"/>
						<line number="157" hits="3" branch="false"/>
						<line number="160" hits="3" branch="false"/>
						<line number="168" hits="1" branch="false"/>
						<line number="176" hits="1" branch="false"/>
						<line number="177" hits="1" branch="false"/>
						<line number="185" hits="2" branch="false"/>
						<line number="186" hits="2" branch="false"/>
						<line number="195" hits="2" branch="false"/>
						<line number="196" hits="2" branch="false"/>
						<line number="203" hits="1" branch="false"/>
						<line number="204" hits="1" branch="false"/>
						<line number="213" hits="1" branch="false"/>
						<line number="214" hits="1" branch="false"/>
						<line number="223" hits="1" branch="false"/>
						<line number="224" hits="1" branch="false"/>
						<line number="231" hits="1" branch="false"/>
						<line number="232" hits="1" branch="false"/>
						<line number="241" hits="1" branch="false"/>
						<line number="242" hits="1" branch="false"/>
						<line number="249" hits="1" branch="false"/>
						<line number="250" hits="1" branch="false"/>
						<line number="259" hits="1" branch="false"/>
						<line number="262" hits="1" branch="false"/>
						<line number="263" hits="1" branch="false"/>
						<line number="264" hits="1" branch="false"/>
						<line number="273" hits="1" branch="false"/>
						<line number="274" hits="1" branch="false"/>
					</lines>
				</class>
				<class name="net.sf.marineapi.nmea.parser.GLLParser" filename="net/sf/marineapi/nmea/parser/GLLParser.java" line-rate="1.0" branch-rate="1.0" complexity="1.0">
					<methods>
						<method name="&lt;init&gt;" signature="(Ljava/lang/String;)V" line-rate="1.0" branch-rate="1.0">
							<lines>
								<line number="53" hits="9" branch="false"/>
								<line number="54" hits="9" branch="false"/>
							</lines>
						</method>
						<method name="&lt;init&gt;" signature="(Lnet/sf/marineapi/nmea/sentence/TalkerId;)V" line-rate="1.0" branch-rate="1.0">
							<lines>
								<line number="62" hits="10" branch="false"/>
								<line number="63" hits="10" branch="false"/>
							</lines>
						</method>
						<method name="getPosition" signature="()Lnet/sf/marineapi/nmea/util/Position;" line-rate="1.0" branch-rate="1.0">
							<lines>
								<line number="70" hits="4" branch="false"/>
							</lines>
						</method>
						<method name="getStatus" signature="()Lnet/sf/marineapi/nmea/util/DataStatus;" line-rate="1.0" branch-rate="1.0">
							<lines>
								<line number="78" hits="4" branch="false"/>
							</lines>
						</method>
						<method name="getTime" signature="()Lnet/sf/marineapi/nmea/util/Time;" line-rate="1.0" branch-rate="1.0">
							<lines>
								<line number="86" hits="1" branch="false"/>
								<line number="87" hits="1" branch="false"/>
							</lines>
						</method>
						<method name="setPosition" signature="(Lnet/sf/marineapi/nmea/util/Position;)V" line-rate="1.0" branch-rate="1.0">
							<lines>
								<line number="97" hits="2" branch="false"/>
								<line number="99" hits="2" branch="false"/>
							</lines>
						</method>
						<method name="setStatus" signature="(Lnet/sf/marineapi/nmea/util/DataStatus;)V" line-rate="1.0" branch-rate="1.0">
							<lines>
								<line number="108" hits="1" branch="false"/>
								<line number="109" hits="1" branch="false"/>
							</lines>
						</method>
						<method name="setTime" signature="(Lnet/sf/marineapi/nmea/util/Time;)V" line-rate="1.0" branch-rate="1.0">
							<lines>
								<line number="118" hits="1" branch="false"/>
								<line number="119" hits="1" branch="false"/>
							</lines>
						</method>
					</methods>
					<lines>
						<line number="53" hits="9" branch="false"/>
						<line number="54" hits="9" branch="false"/>
						<line number="62" hits="10" branch="false"/>
						<line number="63" hits="10" branch="false"/>
						<line number="70" hits="4" branch="false"/>
						<line number="78" hits="4" branch="false"/>
						<line number="86" hits="1" branch="false"/>
						<line number="87" hits="1" branch="false"/>
						<line number="97" hits="2" branch="false"/>
						<line number="99" hits="2" branch="false"/>
						<line number="108" hits="1" branch="false"/>
						<line number="109" hits="1" branch="false"/>
						<line number="118" hits="1" branch="false"/>
						<line number="119" hits="1" branch="false"/>
					</lines>
				</class>
				<class name="net.sf.marineapi.nmea.parser.GSAParser" filename="net/sf/marineapi/nmea/parser/GSAParser.java" line-rate="0.967741935483871" branch-rate="0.9" complexity="1.4285714285714286">
					<methods>
						<method name="&lt;init&gt;" signature="(Ljava/lang/String;)V" line-rate="1.0" branch-rate="1.0">
							<lines>
								<line number="55" hits="14" branch="false"/>
								<line number="56" hits="14" branch="false"/>
							</lines>
						</method>
						<method name="&lt;init&gt;" signature="(Lnet/sf/marineapi/nmea/sentence/TalkerId;)V" line-rate="1.0" branch-rate="1.0">
							<lines>
								<line number="64" hits="15" branch="false"/>
[...]
							<conditions>
								<condition number="0" type="jump" coverage="50%"/>
								<condition number="1" type="jump" coverage="50%"/>
							</conditions>
						</line>
						<line number="96" hits="1" branch="false"/>
						<line number="97" hits="1" branch="false"/>
						<line number="98" hits="4" branch="false"/>
						<line number="101" hits="2" branch="false"/>
						<line number="110" hits="4" branch="true" condition-coverage="75% (3/4)">
							<conditions>
								<condition number="0" type="jump" coverage="100%"/>
								<condition number="1" type="jump" coverage="50%"/>
							</conditions>
						</line>
						<line number="120" hits="2" branch="true" condition-coverage="100% (2/2)">
							<conditions>
								<condition number="0" type="jump" coverage="100%"/>
							</conditions>
						</line>
						<line number="122" hits="4" branch="true" condition-coverage="100% (2/2)">
							<conditions>
								<condition number="0" type="jump" coverage="100%"/>
							</conditions>
						</line>
						<line number="123" hits="2" branch="false"/>
						<line number="124" hits="2" branch="false"/>
						<line number="125" hits="2" branch="true" condition-coverage="50% (2/4)">
							<conditions>
								<condition number="0" type="jump" coverage="50%"/>
								<condition number="1" type="jump" coverage="50%"/>
							</conditions>
						</line>
						<line number="126" hits="0" branch="false"/>
						<line number="128" hits="2" branch="true" condition-coverage="100% (2/2)">
							<conditions>
								<condition number="0" type="jump" coverage="100%"/>
							</conditions>
						</line>
						<line number="129" hits="1" branch="false"/>
						<line number="130" hits="1" branch="true" condition-coverage="50% (1/2)">
							<conditions>
								<condition number="0" type="jump" coverage="50%"/>
							</conditions>
						</line>
						<line number="131" hits="0" branch="false"/>
						<line number="133" hits="1" branch="true" condition-coverage="50% (1/2)">
							<conditions>
								<condition number="0" type="jump" coverage="50%"/>
							</conditions>
						</line>
						<line number="134" hits="1" branch="false"/>
						<line number="135" hits="1" branch="true" condition-coverage="50% (1/2)">
							<conditions>
								<condition number="0" type="jump" coverage="50%"/>
							</conditions>
						</line>
						<line number="136" hits="0" branch="false"/>
						<line number="138" hits="4" branch="false"/>
						<line number="141" hits="2" branch="false"/>
					</lines>
				</class>
				<class name="net.sf.marineapi.provider.SatelliteInfoProvider" filename="net/sf/marineapi/provider/SatelliteInfoProvider.java" line-rate="0.0" branch-rate="0.0" complexity="3.5">
					<methods>
						<method name="&lt;init&gt;" signature="(Lnet/sf/marineapi/nmea/io/SentenceReader;)V" line-rate="0.0" branch-rate="1.0">
							<lines>
								<line number="47" hits="0" branch="false"/>
								<line number="48" hits="0" branch="false"/>
							</lines>
						</method>
						<method name="createProviderEvent" signature="()Lnet/sf/marineapi/provider/event/ProviderEvent;" line-rate="0.0" branch-rate="1.0">
							<lines>
								<line number="39" hits="0" branch="false"/>
							</lines>
						</method>
						<method name="createProviderEvent" signature="()Lnet/sf/marineapi/provider/event/SatelliteInfoEvent;" line-rate="0.0" branch-rate="0.0">
							<lines>
								<line number="57" hits="0" branch="false"/>
								<line number="58" hits="0" branch="false"/>
								<line number="60" hits="0" branch="true" condition-coverage="0% (0/2)">
									<conditions>
										<condition number="0" type="jump" coverage="0%"/>
									</conditions>
								</line>
								<line number="61" hits="0" branch="true" condition-coverage="0% (0/2)">
									<conditions>
										<condition number="0" type="jump" coverage="0%"/>
									</conditions>
								</line>
								<line number="62" hits="0" branch="false"/>
								<line number="63" hits="0" branch="true" condition-coverage="0% (0/2)">
									<conditions>
										<condition number="0" type="jump" coverage="0%"/>
									</conditions>
								</line>
								<line number="64" hits="0" branch="false"/>
								<line number="65" hits="0" branch="false"/>
								<line number="66" hits="0" branch="false"/>
								<line number="69" hits="0" branch="false"/>
							</lines>
						</method>
						<method name="isReady" signature="()Z" line-rate="0.0" branch-rate="0.0">
							<lines>
								<line number="79" hits="0" branch="false"/>
								<line number="80" hits="0" branch="false"/>
								<line number="81" hits="0" branch="false"/>
								<line number="82" hits="0" branch="false"/>
								<line number="84" hits="0" branch="true" condition-coverage="0% (0/2)">
									<conditions>
										<condition number="0" type="jump" coverage="0%"/>
									</conditions>
								</line>
								<line number="85" hits="0" branch="true" condition-coverage="0% (0/2)">
									<conditions>
										<condition number="0" type="jump" coverage="0%"/>
									</conditions>
								</line>
								<line number="86" hits="0" branch="false"/>
								<line number="87" hits="0" branch="true" condition-coverage="0% (0/2)">
									<conditions>
										<condition number="0" type="jump" coverage="0%"/>
									</conditions>
								</line>
								<line number="88" hits="0" branch="false"/>
								<line number="90" hits="0" branch="true" condition-coverage="0% (0/2)">
									<conditions>
										<condition number="0" type="jump" coverage="0%"/>
									</conditions>
								</line>
								<line number="91" hits="0" branch="false"/>
								<line number="93" hits="0" branch="true" condition-coverage="0% (0/2)">
									<conditions>
										<condition number="0" type="jump" coverage="0%"/>
									</conditions>
								</line>
								<line number="94" hits="0" branch="false"/>
								<line number="97" hits="0" branch="true" condition-coverage="0% (0/8)">
									<conditions>
										<condition number="0" type="jump" coverage="0%"/>
										<condition number="1" type="jump" coverage="0%"/>
										<condition number="2" type="jump" coverage="0%"/>
										<condition number="3" type="jump" coverage="0%"/>
									</conditions>
								</line>
							</lines>
						</method>
						<method name="isValid" signature="()Z" line-rate="0.0" branch-rate="1.0">
							<lines>
								<line number="106" hits="0" branch="false"/>
							</lines>
						</method>
					</methods>
					<lines>
						<line number="39" hits="0" branch="false"/>
						<line number="47" hits="0" branch="false"/>
						<line number="48" hits="0" branch="false"/>
						<line number="57" hits="0" branch="false"/>
						<line number="58" hits="0" branch="false"/>
						<line number="60" hits="0" branch="true" condition-coverage="0% (0/2)">
							<conditions>
								<condition number="0" type="jump" coverage="0%"/>
							</conditions>
						</line>
						<line number="61" hits="0" branch="true" condition-coverage="0% (0/2)">
							<conditions>
								<condition number="0" type="jump" coverage="0%"/>
							</conditions>
						</line>
						<line number="62" hits="0" branch="false"/>
						<line number="63" hits="0" branch="true" condition-coverage="0% (0/2)">
							<conditions>
								<condition number="0" type="jump" coverage="0%"/>
							</conditions>
						</line>
						<line number="64" hits="0" branch="false"/>
						<line number="65" hits="0" branch="false"/>
						<line number="66" hits="0" branch="false"/>
						<line number="69" hits="0" branch="false"/>
						<line number="79" hits="0" branch="false"/>
						<line number="80" hits="0" branch="false"/>
						<line number="81" hits="0" branch="false"/>
						<line number="82" hits="0" branch="false"/>
						<line number="84" hits="0" branch="true" condition-coverage="0% (0/2)">
							<conditions>
								<condition number="0" type="jump" coverage="0%"/>
							</conditions>
						</line>
						<line number="85" hits="0" branch="true" condition-coverage="0% (0/2)">
							<conditions>
								<condition number="0" type="jump" coverage="0%"/>
							</conditions>
						</line>
						<line number="86" hits="0" branch="false"/>
						<line number="87" hits="0" branch="true" condition-coverage="0% (0/2)">
							<conditions>
								<condition number="0" type="jump" coverage="0%"/>
							</conditions>
						</line>
						<line number="88" hits="0" branch="false"/>
						<line number="90" hits="0" branch="true" condition-coverage="0% (0/2)">
							<conditions>
								<condition number="0" type="jump" coverage="0%"/>
							</conditions>
						</line>
						<line number="91" hits="0" branch="false"/>
						<line number="93" hits="0" branch="true" condition-coverage="0% (0/2)">
							<conditions>
								<condition number="0" type="jump" coverage="0%"/>
							</conditions>
						</line>
						<line number="94" hits="0" branch="false"/>
						<line number="97" hits="0" branch="true" condition-coverage="0% (0/8)">
							<conditions>
								<condition number="0" type="jump" coverage="0%"/>
								<condition number="1" type="jump" coverage="0%"/>
								<condition number="2" type="jump" coverage="0%"/>
								<condition number="3" type="jump" coverage="0%"/>
							</conditions>
						</line>
						<line number="106" hits="0" branch="false"/>
					</lines>
				</class>
			</classes>
		</package>
		<package name="net.sf.marineapi.provider.event" line-rate="0.425" branch-rate="0.0" complexity="1.037037037037037">
			<classes>
				<class name="net.sf.marineapi.provider.event.HeadingEvent" filename="net/sf/marineapi/provider/event/HeadingEvent.java" line-rate="0.8571428571428571" branch-rate="0.0" complexity="1.25">
					<methods>
						<method name="&lt;init&gt;" signature="(Ljava/lang/Object;Lnet/sf/marineapi/nmea/sentence/HeadingSentence;)V" line-rate="1.0" branch-rate="1.0">
							<lines>
								<line number="42" hits="3" branch="false"/>
								<line number="43" hits="3" branch="false"/>
								<line number="44" hits="3" branch="false"/>
								<line number="45" hits="3" branch="false"/>
							</lines>
						</method>
						<method name="getHeading" signature="()D" line-rate="1.0" branch-rate="1.0">
							<lines>
								<line number="53" hits="3" branch="false"/>
							</lines>
						</method>
						<method name="isTrue" signature="()Z" line-rate="1.0" branch-rate="1.0">
							<lines>
								<line number="62" hits="3" branch="false"/>
							</lines>
						</method>
						<method name="toString" signature="()Ljava/lang/String;" line-rate="0.0" branch-rate="0.0">
							<lines>
								<line number="70" hits="0" branch="true" condition-coverage="0% (0/2)">
									<conditions>
										<condition number="0" type="jump" coverage="0%"/>
									</conditions>
								</line>
							</lines>
						</method>
					</methods>
					<lines>
						<line number="42" hits="3" branch="false"/>
						<line number="43" hits="3" branch="false"/>
						<line number="44" hits="3" branch="false"/>
						<line number="45" hits="3" branch="false"/>
						<line number="53" hits="3" branch="false"/>
						<line number="62" hits="3" branch="false"/>
						<line number="70" hits="0" branch="true" condition-coverage="0% (0/2)">
							<conditions>
								<condition number="0" type="jump" coverage="0%"/>
							</conditions>
						</line>
					</lines>
				</class>
				<class name="net.sf.marineapi.provider.event.HeadingListener" filename="net/sf/marineapi/provider/event/HeadingListener.java" line-rate="1.0" branch-rate="1.0" complexity="1.0">
					<methods>
					</methods>
					<lines>
					</lines>
				</class>
				<class name="net.sf.marineapi.provider.event.PositionEvent" filename="net/sf/marineapi/provider/event/PositionEvent.java" line-rate="0.45" branch-rate="1.0" complexity="1.0">
					<methods>
						<method name="&lt;init&gt;" signature="(Ljava/lang/Object;Lnet/sf/marineapi/nmea/util/Position;DDLnet/sf/marineapi/nmea/util/Date;Lnet/sf/marineapi/nmea/util/Time;Lnet/sf/marineapi/nmea/util/FaaMode;Lnet/sf/marineapi/nmea/util/GpsFixQuality;)V" line-rate="1.0" branch-rate="1.0">
							<lines>
								<line number="57" hits="2" branch="false"/>
								<line number="58" hits="2" branch="false"/>
								<line number="59" hits="2" branch="false"/>
								<line number="60" hits="2" branch="false"/>
								<line number="61" hits="2" branch="false"/>
								<line number="62" hits="2" branch="false"/>
								<line number="63" hits="2" branch="false"/>
								<line number="64" hits="2" branch="false"/>
								<line number="65" hits="2" branch="false"/>
							</lines>
						</method>
						<method name="clone" signature="()Ljava/lang/Object;" line-rate="0.0" branch-rate="1.0">
							<lines>
								<line number="39" hits="0" branch="false"/>
							</lines>
						</method>
						<method name="clone" signature="()Lnet/sf/marineapi/provider/event/PositionEvent;" line-rate="0.0" branch-rate="1.0">
							<lines>
								<line number="73" hits="0" branch="false"/>
							</lines>
						</method>
						<method name="getCourse" signature="()Ljava/lang/Double;" line-rate="0.0" branch-rate="1.0">
							<lines>
								<line number="83" hits="0" branch="false"/>
							</lines>
						</method>
						<method name="getDate" signature="()Lnet/sf/marineapi/nmea/util/Date;" line-rate="0.0" branch-rate="1.0">
							<lines>
								<line number="92" hits="0" branch="false"/>
							</lines>
						</method>
						<method name="getFixQuality" signature="()Lnet/sf/marineapi/nmea/util/GpsFixQuality;" line-rate="0.0" branch-rate="1.0">
							<lines>
								<line number="101" hits="0" branch="false"/>
							</lines>
						</method>
						<method name="getMode" signature="()Lnet/sf/marineapi/nmea/util/FaaMode;" line-rate="0.0" branch-rate="1.0">
							<lines>
								<line number="110" hits="0" branch="false"/>
							</lines>
						</method>
						<method name="getPosition" signature="()Lnet/sf/marineapi/nmea/util/Position;" line-rate="0.0" branch-rate="1.0">
							<lines>
								<line number="119" hits="0" branch="false"/>
							</lines>
						</method>
						<method name="getSpeed" signature="()Ljava/lang/Double;" line-rate="0.0" branch-rate="1.0">
							<lines>
								<line number="128" hits="0" branch="false"/>
							</lines>
						</method>
						<method name="getTime" signature="()Lnet/sf/marineapi/nmea/util/Time;" line-rate="0.0" branch-rate="1.0">
							<lines>
								<line number="137" hits="0" branch="false"/>
							</lines>
						</method>
						<method name="toString" signature="()Ljava/lang/String;" line-rate="0.0" branch-rate="1.0">
							<lines>
								<line number="146" hits="0" branch="false"/>
								<line number="147" hits="0" branch="false"/>
							</lines>
						</method>
					</methods>
					<lines>
						<line number="39" hits="0" branch="false"/>
						<line number="57" hits="2" branch="false"/>
						<line number="58" hits="2" branch="false"/>
						<line number="59" hits="2" branch="false"/>
						<line number="60" hits="2" branch="false"/>
						<line number="61" hits="2" branch="false"/>
						<line number="62" hits="2" branch="false"/>
						<line number="63" hits="2" branch="false"/>
						<line number="64" hits="2" branch="false"/>
						<line number="65" hits="2" branch="false"/>
						<line number="73" hits="0" branch="false"/>
						<line number="83" hits="0" branch="false"/>
						<line number="92" hits="0" branch="false"/>
						<line number="101" hits="0" branch="false"/>
						<line number="110" hits="0" branch="false"/>
						<line number="119" hits="0" branch="false"/>
						<line number="128" hits="0" branch="false"/>
						<line number="137" hits="0" branch="false"/>
						<line number="146" hits="0" branch="false"/>
						<line number="147" hits="0" branch="false"/>
					</lines>
				</class>
				<class name="net.sf.marineapi.provider.event.PositionListener" filename="net/sf/marineapi/provider/event/PositionListener.java" line-rate="1.0" branch-rate="1.0" complexity="1.0">
					<methods>
					</methods>
					<lines>
					</lines>
				</class>
				<class name="net.sf.marineapi.provider.event.ProviderEvent" filename="net/sf/marineapi/provider/event/ProviderEvent.java" line-rate="1.0" branch-rate="1.0" complexity="1.0">
					<methods>
						<method name="&lt;init&gt;" signature="(Ljava/lang/Object;)V" line-rate="1.0" branch-rate="1.0">
							<lines>
								<line number="40" hits="5" branch="false"/>
								<line number="41" hits="5" branch="false"/>
							</lines>
						</method>
					</methods>
					<lines>
						<line number="40" hits="5" branch="false"/>
						<line number="41" hits="5" branch="false"/>
					</lines>
				</class>
				<class name="net.sf.marineapi.provider.event.ProviderListener" filename="net/sf/marineapi/provider/event/ProviderListener.java" line-rate="1.0" branch-rate="1.0" complexity="1.0">
					<methods>
					</methods>
					<lines>
					</lines>
				</class>
				<class name="net.sf.marineapi.provider.event.SatelliteInfoEvent" filename="net/sf/marineapi/provider/event/SatelliteInfoEvent.java" line-rate="0.0" branch-rate="1.0" complexity="1.0">
					<methods>
						<method name="&lt;init&gt;" signature="(Ljava/lang/Object;Lnet/sf/marineapi/nmea/sentence/GSASentence;Ljava/util/List;)V" line-rate="0.0" branch-rate="1.0">
							<lines>
								<line number="51" hits="0" branch="false"/>
								<line number="52" hits="0" branch="false"/>
								<line number="53" hits="0" branch="false"/>
								<line number="54" hits="0" branch="false"/>
							</lines>
						</method>
						<method name="getGpsFixStatus" signature="()Lnet/sf/marineapi/nmea/util/GpsFixStatus;" line-rate="0.0" branch-rate="1.0">
							<lines>
								<line number="116" hits="0" branch="false"/>
							</lines>
						</method>
						<method name="getGpsMode" signature="()Lnet/sf/marineapi/nmea/util/FaaMode;" line-rate="0.0" branch-rate="1.0">
							<lines>
								<line number="107" hits="0" branch="false"/>
							</lines>
						</method>
						<method name="getHorizontalPrecision" signature="()D" line-rate="0.0" branch-rate="1.0">
							<lines>
								<line number="80" hits="0" branch="false"/>
							</lines>
						</method>
						<method name="getPositionPrecision" signature="()D" line-rate="0.0" branch-rate="1.0">
							<lines>
								<line number="98" hits="0" branch="false"/>
							</lines>
						</method>
						<method name="getSatelliteIds" signature="()[Ljava/lang/String;" line-rate="0.0" branch-rate="1.0">
							<lines>
								<line number="62" hits="0" branch="false"/>
							</lines>
						</method>
						<method name="getSatelliteInfo" signature="()Ljava/util/List;" line-rate="0.0" branch-rate="1.0">
							<lines>
								<line number="71" hits="0" branch="false"/>
							</lines>
						</method>
						<method name="getVerticalPrecision" signature="()D" line-rate="0.0" branch-rate="1.0">
							<lines>
								<line number="89" hits="0" branch="false"/>
							</lines>
						</method>
					</methods>
					<lines>
						<line number="51" hits="0" branch="false"/>
						<line number="52" hits="0" branch="false"/>
						<line number="53" hits="0" branch="false"/>
						<line number="54" hits="0" branch="false"/>
						<line number="62" hits="0" branch="false"/>
						<line number="71" hits="0" branch="false"/>
						<line number="80" hits="0" branch="false"/>
						<line number="89" hits="0" branch="false"/>
						<line number="98" hits="0" branch="false"/>
						<line number="107" hits="0" branch="false"/>
						<line number="116" hits="0" branch="false"/>
					</lines>
				</class>
				<class name="net.sf.marineapi.provider.event.SatelliteInfoListener" filename="net/sf/marineapi/provider/event/SatelliteInfoListener.java" line-rate="1.0" branch-rate="1.0" complexity="1.0">
					<methods>
					</methods>
					<lines>
					</lines>
				</class>
			</classes>
		</package>
	</packages>
</coverage>
