<?xml version="1.0" encoding="UTF-8" ?>
<testsuite errors="0" failures="0" hostname="jupiter" name="net.sf.marineapi.nmea.parser.DBTTest" tests="7" time="0.029" timestamp="2013-10-15T20:36:30">
  <properties>
[...]
</properties>
  <testcase classname="net.sf.marineapi.nmea.parser.DBTTest" name="testConstructor" time="0.0080" />
  <testcase classname="net.sf.marineapi.nmea.parser.DBTTest" name="testGetFathoms" time="0.0010" />
  <testcase classname="net.sf.marineapi.nmea.parser.DBTTest" name="testGetFeet" time="0.0010" />
  <testcase classname="net.sf.marineapi.nmea.parser.DBTTest" name="testGetMeters" time="0.0" />
  <testcase classname="net.sf.marineapi.nmea.parser.DBTTest" name="testSetFathoms" time="0.0010" />
  <testcase classname="net.sf.marineapi.nmea.parser.DBTTest" name="testSetFeet" time="0.0" />
  <testcase classname="net.sf.marineapi.nmea.parser.DBTTest" name="testSetMeters" time="0.0010" />
  <system-out><![CDATA[]]></system-out>
  <system-err><![CDATA[]]></system-err>
</testsuite>
