<?xml version="1.0" encoding="UTF-8" ?>
<testsuite errors="0" failures="0" hostname="jupiter" name="net.sf.marineapi.nmea.parser.GGATest" tests="23" time="0.028" timestamp="2014-06-09T17:28:53">
  <properties>
[...]
</properties>
  <testcase classname="net.sf.marineapi.nmea.parser.GGATest" name="testGetPosition" time="0.0070" />
  <testcase classname="net.sf.marineapi.nmea.parser.GGATest" name="testGGAParser" time="0.0" />
  <testcase classname="net.sf.marineapi.nmea.parser.GGATest" name="testGetDgpsStationId" time="0.0" />
  <testcase classname="net.sf.marineapi.nmea.parser.GGATest" name="testGetGeoidalHeightUnits" time="0.0" />
  <testcase classname="net.sf.marineapi.nmea.parser.GGATest" name="testGetFixQuality" time="0.0010" />
  <testcase classname="net.sf.marineapi.nmea.parser.GGATest" name="testSetAltitude" time="0.0010" />
  <testcase classname="net.sf.marineapi.nmea.parser.GGATest" name="testGetAltitudeUnits" time="0.0" />
  <testcase classname="net.sf.marineapi.nmea.parser.GGATest" name="testGetAltitude" time="0.0" />
  <testcase classname="net.sf.marineapi.nmea.parser.GGATest" name="testGetTime" time="0.0010" />
  <testcase classname="net.sf.marineapi.nmea.parser.GGATest" name="testSetDgpsAge" time="0.0010" />
  <testcase classname="net.sf.marineapi.nmea.parser.GGATest" name="testSetGeoidalHeight" time="0.0" />
  <testcase classname="net.sf.marineapi.nmea.parser.GGATest" name="testSetFixQuality" time="0.0010" />
  <testcase classname="net.sf.marineapi.nmea.parser.GGATest" name="testGetNumberOfSatellites" time="0.0" />
  <testcase classname="net.sf.marineapi.nmea.parser.GGATest" name="testSetHorizontalDOP" time="0.0010" />
  <testcase classname="net.sf.marineapi.nmea.parser.GGATest" name="testSetDgpsStationId" time="0.0" />
  <testcase classname="net.sf.marineapi.nmea.parser.GGATest" name="testSetGeoidalHeightUnits" time="0.0" />
  <testcase classname="net.sf.marineapi.nmea.parser.GGATest" name="testGetGeoidalHeight" time="0.0010" />
  <testcase classname="net.sf.marineapi.nmea.parser.GGATest" name="testSetAltitudeUnits" time="0.0" />
  <testcase classname="net.sf.marineapi.nmea.parser.GGATest" name="testSetTime" time="0.0010" />
  <testcase classname="net.sf.marineapi.nmea.parser.GGATest" name="testGetDgpsAge" time="0.0" />
  <testcase classname="net.sf.marineapi.nmea.parser.GGATest" name="testGetHorizontalDOP" time="0.0" />
  <testcase classname="net.sf.marineapi.nmea.parser.GGATest" name="testConstructor" time="0.0" />
  <testcase classname="net.sf.marineapi.nmea.parser.GGATest" name="testSetPosition" time="0.0010" />
  <system-out><![CDATA[]]></system-out>
  <system-err><![CDATA[]]></system-err>
</testsuite>
