<?xml version="1.0" encoding="UTF-8" ?>
<testsuites>
  <testsuite errors="0" failures="0" hostname="jupiter" id="0" name="AbstractSentenceListenerTest" package="net.sf.marineapi.nmea.event" tests="2" time="0.13" timestamp="2014-06-09T17:28:51">
      <properties>
[...]
</properties>

      <testcase classname="net.sf.marineapi.nmea.event.AbstractSentenceListenerTest" name="testUnexpectedSentenceRead" time="0.053" />

      <testcase classname="net.sf.marineapi.nmea.event.AbstractSentenceListenerTest" name="testExpectedSentenceRead" time="0.0010" />

      <system-out />

      <system-err />

  </testsuite>
  <testsuite errors="0" failures="0" hostname="jupiter" id="1" name="SentenceReaderTest" package="net.sf.marineapi.nmea.io" tests="12" time="1.197" timestamp="2014-06-09T17:28:51">
      <properties>
[...]
</properties>

      <testcase classname="net.sf.marineapi.nmea.io.SentenceReaderTest" name="testFireSentenceEventWithUnexpectedType" time="0.063" />

      <testcase classname="net.sf.marineapi.nmea.io.SentenceReaderTest" name="testSetPauseTimeout" time="0.0010" />

      <testcase classname="net.sf.marineapi.nmea.io.SentenceReaderTest" name="testFireSentenceEventWithExpectedType" time="0.0010" />

      <testcase classname="net.sf.marineapi.nmea.io.SentenceReaderTest" name="testExceptionListener" time="0.501" />

      <testcase classname="net.sf.marineapi.nmea.io.SentenceReaderTest" name="testFireReadingPaused" time="0.0020" />

      <testcase classname="net.sf.marineapi.nmea.io.SentenceReaderTest" name="testStartAndStop" time="0.601" />

      <testcase classname="net.sf.marineapi.nmea.io.SentenceReaderTest" name="testAddSentenceListenerSentenceListenerString" time="0.0" />

      <testcase classname="net.sf.marineapi.nmea.io.SentenceReaderTest" name="testSetInputStream" time="0.0010" />

      <testcase classname="net.sf.marineapi.nmea.io.SentenceReaderTest" name="testFireReadingStarted" time="0.0" />

      <testcase classname="net.sf.marineapi.nmea.io.SentenceReaderTest" name="testFireReadingStopped" time="0.0" />

      <testcase classname="net.sf.marineapi.nmea.io.SentenceReaderTest" name="testRemoveSentenceListener" time="0.0010" />

      <testcase classname="net.sf.marineapi.nmea.io.SentenceReaderTest" name="testGetPauseTimeout" time="0.0010" />

      <system-out />

      <system-err><![CDATA[Jun 9, 2014 8:28:51 PM net.sf.marineapi.nmea.io.SentenceReader handleException
WARNING: InputStream read failed
java.io.IOException: Bad file descriptor
	at java.io.FileInputStream.readBytes(Native Method)
	at java.io.FileInputStream.read(FileInputStream.java:220)
	at sun.nio.cs.StreamDecoder.readBytes(StreamDecoder.java:264)
	at sun.nio.cs.StreamDecoder.implRead(StreamDecoder.java:306)
	at sun.nio.cs.StreamDecoder.read(StreamDecoder.java:158)
	at java.io.InputStreamReader.read(InputStreamReader.java:167)
	at java.io.BufferedReader.fill(BufferedReader.java:136)
	at java.io.BufferedReader.readLine(BufferedReader.java:299)
	at java.io.BufferedReader.readLine(BufferedReader.java:362)
	at net.sf.marineapi.nmea.io.DefaultDataReader.read(DefaultDataReader.java:57)
	at net.sf.marineapi.nmea.io.AbstractDataReader.run(AbstractDataReader.java:82)
	at java.lang.Thread.run(Thread.java:662)
Jun 9, 2014 8:28:51 PM net.sf.marineapi.nmea.io.SentenceReader handleException
WARNING: InputStream read failed
java.io.IOException: Bad file descriptor
	at java.io.FileInputStream.readBytes(Native Method)
	at java.io.FileInputStream.read(FileInputStream.java:220)
	at sun.nio.cs.StreamDecoder.readBytes(StreamDecoder.java:264)
	at sun.nio.cs.StreamDecoder.implRead(StreamDecoder.java:306)
	at sun.nio.cs.StreamDecoder.read(StreamDecoder.java:158)
	at java.io.InputStreamReader.read(InputStreamReader.java:167)
	at java.io.BufferedReader.fill(BufferedReader.java:136)
	at java.io.BufferedReader.readLine(BufferedReader.java:299)
	at java.io.BufferedReader.readLine(BufferedReader.java:362)
	at net.sf.marineapi.nmea.io.DefaultDataReader.read(DefaultDataReader.java:57)
	at net.sf.marineapi.nmea.io.AbstractDataReader.run(AbstractDataReader.java:82)
	at java.lang.Thread.run(Thread.java:662)
Jun 9, 2014 8:28:51 PM net.sf.marineapi.nmea.io.SentenceReader handleException
WARNING: InputStream read failed
java.io.IOException: Bad file descriptor
	at java.io.FileInputStream.readBytes(Native Method)
	at java.io.FileInputStream.read(FileInputStream.java:220)
	at sun.nio.cs.StreamDecoder.readBytes(StreamDecoder.java:264)
	at sun.nio.cs.StreamDecoder.implRead(StreamDecoder.java:306)
	at sun.nio.cs.StreamDecoder.read(StreamDecoder.java:158)
	at java.io.InputStreamReader.read(InputStreamReader.java:167)
	at java.io.BufferedReader.fill(BufferedReader.java:136)
	at java.io.BufferedReader.readLine(BufferedReader.java:299)
	at java.io.BufferedReader.readLine(BufferedReader.java:362)
	at net.sf.marineapi.nmea.io.DefaultDataReader.read(DefaultDataReader.java:57)
	at net.sf.marineapi.nmea.io.AbstractDataReader.run(AbstractDataReader.java:82)
	at java.lang.Thread.run(Thread.java:662)
Jun 9, 2014 8:28:51 PM net.sf.marineapi.nmea.io.SentenceReader handleException
WARNING: InputStream read failed
java.io.IOException: Bad file descriptor
	at java.io.FileInputStream.readBytes(Native Method)
	at java.io.FileInputStream.read(FileInputStream.java:220)
	at sun.nio.cs.StreamDecoder.readBytes(StreamDecoder.java:264)
	at sun.nio.cs.StreamDecoder.implRead(StreamDecoder.java:306)
	at sun.nio.cs.StreamDecoder.read(StreamDecoder.java:158)
	at java.io.InputStreamReader.read(InputStreamReader.java:167)
	at java.io.BufferedReader.fill(BufferedReader.java:136)
	at java.io.BufferedReader.readLine(BufferedReader.java:299)
	at java.io.BufferedReader.readLine(BufferedReader.java:362)
	at net.sf.marineapi.nmea.io.DefaultDataReader.read(DefaultDataReader.java:57)
	at net.sf.marineapi.nmea.io.AbstractDataReader.run(AbstractDataReader.java:82)
	at java.lang.Thread.run(Thread.java:662)
Jun 9, 2014 8:28:51 PM net.sf.marineapi.nmea.io.SentenceReader handleException
WARNING: InputStream read failed
java.io.IOException: Bad file descriptor
	at java.io.FileInputStream.readBytes(Native Method)
	at java.io.FileInputStream.read(FileInputStream.java:220)
	at sun.nio.cs.StreamDecoder.readBytes(StreamDecoder.java:264)
	at sun.nio.cs.StreamDecoder.implRead(StreamDecoder.java:306)
	at sun.nio.cs.StreamDecoder.read(StreamDecoder.java:158)
	at java.io.InputStreamReader.read(InputStreamReader.java:167)
	at java.io.BufferedReader.fill(BufferedReader.java:136)
	at java.io.BufferedReader.readLine(BufferedReader.java:299)
	at java.io.BufferedReader.readLine(BufferedReader.java:362)
	at net.sf.marineapi.nmea.io.DefaultDataReader.read(DefaultDataReader.java:57)
	at net.sf.marineapi.nmea.io.AbstractDataReader.run(AbstractDataReader.java:82)
	at java.lang.Thread.run(Thread.java:662)
Jun 9, 2014 8:28:51 PM net.sf.marineapi.nmea.io.SentenceReader handleException
WARNING: InputStream read failed
java.io.IOException: Bad file descriptor
	at java.io.FileInputStream.readBytes(Native Method)
	at java.io.FileInputStream.read(FileInputStream.java:220)
	at sun.nio.cs.StreamDecoder.readBytes(StreamDecoder.java:264)
	at sun.nio.cs.StreamDecoder.implRead(StreamDecoder.java:306)
	at sun.nio.cs.StreamDecoder.read(StreamDecoder.java:158)
	at java.io.InputStreamReader.read(InputStreamReader.java:167)
	at java.io.BufferedReader.fill(BufferedReader.java:136)
	at java.io.BufferedReader.readLine(BufferedReader.java:299)
	at java.io.BufferedReader.readLine(BufferedReader.java:362)
	at net.sf.marineapi.nmea.io.DefaultDataReader.read(DefaultDataReader.java:57)
	at net.sf.marineapi.nmea.io.AbstractDataReader.run(AbstractDataReader.java:82)
	at java.lang.Thread.run(Thread.java:662)
Jun 9, 2014 8:28:52 PM net.sf.marineapi.nmea.io.SentenceReader handleException
WARNING: InputStream read failed
java.io.IOException: Bad file descriptor
	at java.io.FileInputStream.readBytes(Native Method)
	at java.io.FileInputStream.read(FileInputStream.java:220)
	at sun.nio.cs.StreamDecoder.readBytes(StreamDecoder.java:264)
	at sun.nio.cs.StreamDecoder.implRead(StreamDecoder.java:306)
	at sun.nio.cs.StreamDecoder.read(StreamDecoder.java:158)
	at java.io.InputStreamReader.read(InputStreamReader.java:167)
	at java.io.BufferedReader.fill(BufferedReader.java:136)
	at java.io.BufferedReader.readLine(BufferedReader.java:299)
	at java.io.BufferedReader.readLine(BufferedReader.java:362)
	at net.sf.marineapi.nmea.io.DefaultDataReader.read(DefaultDataReader.java:57)
	at net.sf.marineapi.nmea.io.AbstractDataReader.run(AbstractDataReader.java:82)
	at java.lang.Thread.run(Thread.java:662)
Jun 9, 2014 8:28:52 PM net.sf.marineapi.nmea.io.SentenceReader handleException
WARNING: InputStream read failed
java.io.IOException: Bad file descriptor
	at java.io.FileInputStream.readBytes(Native Method)
	at java.io.FileInputStream.read(FileInputStream.java:220)
	at sun.nio.cs.StreamDecoder.readBytes(StreamDecoder.java:264)
	at sun.nio.cs.StreamDecoder.implRead(StreamDecoder.java:306)
	at sun.nio.cs.StreamDecoder.read(StreamDecoder.java:158)
	at java.io.InputStreamReader.read(InputStreamReader.java:167)
	at java.io.BufferedReader.fill(BufferedReader.java:136)
	at java.io.BufferedReader.readLine(BufferedReader.java:299)
	at java.io.BufferedReader.readLine(BufferedReader.java:362)
	at net.sf.marineapi.nmea.io.DefaultDataReader.read(DefaultDataReader.java:57)
	at net.sf.marineapi.nmea.io.AbstractDataReader.run(AbstractDataReader.java:82)
	at java.lang.Thread.run(Thread.java:662)
Jun 9, 2014 8:28:52 PM net.sf.marineapi.nmea.io.SentenceReader handleException
WARNING: InputStream read failed
java.io.IOException: Bad file descriptor
	at java.io.FileInputStream.readBytes(Native Method)
	at java.io.FileInputStream.read(FileInputStream.java:220)
	at sun.nio.cs.StreamDecoder.readBytes(StreamDecoder.java:264)
	at sun.nio.cs.StreamDecoder.implRead(StreamDecoder.java:306)
	at sun.nio.cs.StreamDecoder.read(StreamDecoder.java:158)
	at java.io.InputStreamReader.read(InputStreamReader.java:167)
	at java.io.BufferedReader.fill(BufferedReader.java:136)
	at java.io.BufferedReader.readLine(BufferedReader.java:299)
	at java.io.BufferedReader.readLine(BufferedReader.java:362)
	at net.sf.marineapi.nmea.io.DefaultDataReader.read(DefaultDataReader.java:57)
	at net.sf.marineapi.nmea.io.AbstractDataReader.run(AbstractDataReader.java:82)
	at java.lang.Thread.run(Thread.java:662)
Jun 9, 2014 8:28:52 PM net.sf.marineapi.nmea.io.SentenceReader handleException
WARNING: InputStream read failed
java.io.IOException: Bad file descriptor
	at java.io.FileInputStream.readBytes(Native Method)
	at java.io.FileInputStream.read(FileInputStream.java:220)
	at sun.nio.cs.StreamDecoder.readBytes(StreamDecoder.java:264)
	at sun.nio.cs.StreamDecoder.implRead(StreamDecoder.java:306)
	at sun.nio.cs.StreamDecoder.read(StreamDecoder.java:158)
	at java.io.InputStreamReader.read(InputStreamReader.java:167)
	at java.io.BufferedReader.fill(BufferedReader.java:136)
	at java.io.BufferedReader.readLine(BufferedReader.java:299)
	at java.io.BufferedReader.readLine(BufferedReader.java:362)
	at net.sf.marineapi.nmea.io.DefaultDataReader.read(DefaultDataReader.java:57)
	at net.sf.marineapi.nmea.io.AbstractDataReader.run(AbstractDataReader.java:82)
	at java.lang.Thread.run(Thread.java:662)
]]></system-err>

  </testsuite>
  <testsuite errors="0" failures="0" hostname="jupiter" id="2" name="APBTest" package="net.sf.marineapi.nmea.parser" tests="17" time="0.026" timestamp="2014-06-09T17:28:52">
      <properties>
[...]
</properties>

      <testcase classname="net.sf.marineapi.nmea.parser.APBTest" name="testGetSteerTo" time="0.0060" />

      <testcase classname="net.sf.marineapi.nmea.parser.APBTest" name="testIsPerpendicularPassed" time="0.0010" />

      <testcase classname="net.sf.marineapi.nmea.parser.APBTest" name="testIsHeadingToDestinationTrue" time="0.0010" />

      <testcase classname="net.sf.marineapi.nmea.parser.APBTest" name="testIsBearingPositionToDestinationTrue" time="0.0" />

      <testcase classname="net.sf.marineapi.nmea.parser.APBTest" name="testGetCycleLockStatus" time="0.0" />

      <testcase classname="net.sf.marineapi.nmea.parser.APBTest" name="testGetHeadingToDestionation" time="0.0010" />

      <testcase classname="net.sf.marineapi.nmea.parser.APBTest" name="testIsBearingOriginToDestionationTrue" time="0.0" />

      <testcase classname="net.sf.marineapi.nmea.parser.APBTest" name="testIsArrivalCircleEntered" time="0.0" />

      <testcase classname="net.sf.marineapi.nmea.parser.APBTest" name="testGetDestionationWaypointId" time="0.0" />

      <testcase classname="net.sf.marineapi.nmea.parser.APBTest" name="testGetBearingOriginToDestination" time="0.0" />

      <testcase classname="net.sf.marineapi.nmea.parser.APBTest" name="testAPBParserTalkerId" time="0.0" />

      <testcase classname="net.sf.marineapi.nmea.parser.APBTest" name="testGetCrossTrackError" time="0.0010" />

      <testcase classname="net.sf.marineapi.nmea.parser.APBTest" name="testGetCrossTrackUnits" time="0.0" />

      <testcase classname="net.sf.marineapi.nmea.parser.APBTest" name="testSetArrivalCircleEntered" time="0.0010" />

      <testcase classname="net.sf.marineapi.nmea.parser.APBTest" name="testGetStatus" time="0.0" />

      <testcase classname="net.sf.marineapi.nmea.parser.APBTest" name="testAPBParserString" time="0.0010" />

      <testcase classname="net.sf.marineapi.nmea.parser.APBTest" name="testGetBearingPositionToDestination" time="0.0010" />

      <system-out />

      <system-err />

  </testsuite>
  <testsuite errors="0" failures="0" hostname="jupiter" id="3" name="BODTest" package="net.sf.marineapi.nmea.parser" tests="21" time="0.021" timestamp="2014-06-09T17:28:52">
      <properties>
[...]
</properties>

      <testcase classname="net.sf.marineapi.nmea.parser.BODTest" name="testGetDestinationWaypointId" time="0.0050" />

      <testcase classname="net.sf.marineapi.nmea.parser.BODTest" name="testSetTrueBearingGreaterThanAllowed" time="0.0" />

      <testcase classname="net.sf.marineapi.nmea.parser.BODTest" name="testSetMagneticBearing" time="0.0010" />

      <testcase classname="net.sf.marineapi.nmea.parser.BODTest" name="testSetMagneticBearingWithGreaterThanAllowed" time="0.0010" />

      <testcase classname="net.sf.marineapi.nmea.parser.BODTest" name="testSetOriginWaypointId" time="0.0" />

      <testcase classname="net.sf.marineapi.nmea.parser.BODTest" name="testSetDestinationWaypointIdWithNull" time="0.0010" />

      <testcase classname="net.sf.marineapi.nmea.parser.BODTest" name="testGetTrueBearing" time="0.0" />

      <testcase classname="net.sf.marineapi.nmea.parser.BODTest" name="testConstructorWithInvalidSentence" time="0.0010" />

      <testcase classname="net.sf.marineapi.nmea.parser.BODTest" name="testSetDestinationWaypointIdWithEmptyStr" time="0.0" />

      <testcase classname="net.sf.marineapi.nmea.parser.BODTest" name="testSetMagneticBearingWithNegativeValue" time="0.0010" />

      <testcase classname="net.sf.marineapi.nmea.parser.BODTest" name="testSetTrueBearingWithNegativeValue" time="0.0" />

      <testcase classname="net.sf.marineapi.nmea.parser.BODTest" name="testGetOriginWaypointId" time="0.0" />

      <testcase classname="net.sf.marineapi.nmea.parser.BODTest" name="testConstructorWithNullTalkerId" time="0.0010" />

      <testcase classname="net.sf.marineapi.nmea.parser.BODTest" name="testConstructorWithRandomString" time="0.0" />

      <testcase classname="net.sf.marineapi.nmea.parser.BODTest" name="testSetMagneticBearingWithRounding" time="0.0010" />

      <testcase classname="net.sf.marineapi.nmea.parser.BODTest" name="testSetTrueBearingWithRounding" time="0.0" />

      <testcase classname="net.sf.marineapi.nmea.parser.BODTest" name="testConstructorWithNullString" time="0.0010" />

      <testcase classname="net.sf.marineapi.nmea.parser.BODTest" name="testSetDestinationWaypointId" time="0.0" />

      <testcase classname="net.sf.marineapi.nmea.parser.BODTest" name="testGetMagneticBearing" time="0.0010" />

      <testcase classname="net.sf.marineapi.nmea.parser.BODTest" name="testConstructor" time="0.0" />

      <testcase classname="net.sf.marineapi.nmea.parser.BODTest" name="testSetTrueBearing" time="0.0" />

      <system-out />

      <system-err />

  </testsuite>
  <testsuite errors="0" failures="0" hostname="jupiter" id="4" name="ChecksumTest" package="net.sf.marineapi.nmea.parser" tests="2" time="0.01" timestamp="2014-06-09T17:28:52">
      <properties>
[...]
</properties>

      <testcase classname="net.sf.marineapi.nmea.parser.ChecksumTest" name="testAdd" time="0.0" />

      <testcase classname="net.sf.marineapi.nmea.parser.ChecksumTest" name="testCalculate" time="0.0030" />

      <system-out />

      <system-err />

  </testsuite>
  <testsuite errors="0" failures="0" hostname="jupiter" id="5" name="DBTTest" package="net.sf.marineapi.nmea.parser" tests="7" time="0.016" timestamp="2014-06-09T17:28:52">
      <properties>
[...]
</properties>

      <testcase classname="net.sf.marineapi.nmea.parser.DBTTest" name="testGetFathoms" time="0.0060" />

      <testcase classname="net.sf.marineapi.nmea.parser.DBTTest" name="testGetFeet" time="0.0" />

      <testcase classname="net.sf.marineapi.nmea.parser.DBTTest" name="testSetMeters" time="0.0010" />

      <testcase classname="net.sf.marineapi.nmea.parser.DBTTest" name="testSetFathoms" time="0.0010" />

      <testcase classname="net.sf.marineapi.nmea.parser.DBTTest" name="testGetMeters" time="0.0" />

      <testcase classname="net.sf.marineapi.nmea.parser.DBTTest" name="testSetFeet" time="0.0010" />

      <testcase classname="net.sf.marineapi.nmea.parser.DBTTest" name="testConstructor" time="0.0010" />

      <system-out />

      <system-err />

  </testsuite>
  <testsuite errors="0" failures="0" hostname="jupiter" id="6" name="DPTTest" package="net.sf.marineapi.nmea.parser" tests="8" time="0.016" timestamp="2014-06-09T17:28:52">
      <properties>
[...]
</properties>

      <testcase classname="net.sf.marineapi.nmea.parser.DPTTest" name="testGetDepth" time="0.0050" />

      <testcase classname="net.sf.marineapi.nmea.parser.DPTTest" name="testSetMaximum" time="0.0" />

      <testcase classname="net.sf.marineapi.nmea.parser.DPTTest" name="testDPTParserString" time="0.0010" />

      <testcase classname="net.sf.marineapi.nmea.parser.DPTTest" name="testSetOffset" time="0.0" />

      <testcase classname="net.sf.marineapi.nmea.parser.DPTTest" name="testGetMaximum" time="0.0010" />

      <testcase classname="net.sf.marineapi.nmea.parser.DPTTest" name="testGetOffset" time="0.0" />

      <testcase classname="net.sf.marineapi.nmea.parser.DPTTest" name="testDPTParser" time="0.0" />

      <testcase classname="net.sf.marineapi.nmea.parser.DPTTest" name="testSetDepth" time="0.0" />

      <system-out />

      <system-err />

  </testsuite>
  <testsuite errors="0" failures="0" hostname="jupiter" id="7" name="DTMTest" package="net.sf.marineapi.nmea.parser" tests="13" time="0.019" timestamp="2014-06-09T17:28:52">
      <properties>
[...]
</properties>

      <testcase classname="net.sf.marineapi.nmea.parser.DTMTest" name="testDTMParserTalkerId" time="0.0050" />

      <testcase classname="net.sf.marineapi.nmea.parser.DTMTest" name="testSetDatumSubCode" time="0.0" />

      <testcase classname="net.sf.marineapi.nmea.parser.DTMTest" name="testGetAltitudeOffset" time="0.0010" />

      <testcase classname="net.sf.marineapi.nmea.parser.DTMTest" name="testSetDatumCode" time="0.0" />

      <testcase classname="net.sf.marineapi.nmea.parser.DTMTest" name="testSetLongitudeOffset" time="0.0" />

      <testcase classname="net.sf.marineapi.nmea.parser.DTMTest" name="testSetLatitudeOffset" time="0.0010" />

      <testcase classname="net.sf.marineapi.nmea.parser.DTMTest" name="testGetName" time="0.0" />

      <testcase classname="net.sf.marineapi.nmea.parser.DTMTest" name="testGetLatitudeOffset" time="0.0010" />

      <testcase classname="net.sf.marineapi.nmea.parser.DTMTest" name="testDTMParserString" time="0.0" />

      <testcase classname="net.sf.marineapi.nmea.parser.DTMTest" name="testGetDatumCode" time="0.0010" />

      <testcase classname="net.sf.marineapi.nmea.parser.DTMTest" name="testSetName" time="0.0" />

      <testcase classname="net.sf.marineapi.nmea.parser.DTMTest" name="testGetDatumSubCode" time="0.0" />

      <testcase classname="net.sf.marineapi.nmea.parser.DTMTest" name="testGetLongitudeOffset" time="0.0" />

      <system-out />

      <system-err />

  </testsuite>
  <testsuite errors="0" failures="0" hostname="jupiter" id="8" name="GGATest" package="net.sf.marineapi.nmea.parser" tests="23" time="0.028" timestamp="2014-06-09T17:28:53">
      <properties>
[...]
</properties>

      <testcase classname="net.sf.marineapi.nmea.parser.GGATest" name="testGetPosition" time="0.0070" />

      <testcase classname="net.sf.marineapi.nmea.parser.GGATest" name="testGGAParser" time="0.0" />

      <testcase classname="net.sf.marineapi.nmea.parser.GGATest" name="testGetDgpsStationId" time="0.0" />

      <testcase classname="net.sf.marineapi.nmea.parser.GGATest" name="testGetGeoidalHeightUnits" time="0.0" />

      <testcase classname="net.sf.marineapi.nmea.parser.GGATest" name="testGetFixQuality" time="0.0010" />

      <testcase classname="net.sf.marineapi.nmea.parser.GGATest" name="testSetAltitude" time="0.0010" />

      <testcase classname="net.sf.marineapi.nmea.parser.GGATest" name="testGetAltitudeUnits" time="0.0" />

      <testcase classname="net.sf.marineapi.nmea.parser.GGATest" name="testGetAltitude" time="0.0" />

      <testcase classname="net.sf.marineapi.nmea.parser.GGATest" name="testGetTime" time="0.0010" />

      <testcase classname="net.sf.marineapi.nmea.parser.GGATest" name="testSetDgpsAge" time="0.0010" />

      <testcase classname="net.sf.marineapi.nmea.parser.GGATest" name="testSetGeoidalHeight" time="0.0" />

      <testcase classname="net.sf.marineapi.nmea.parser.GGATest" name="testSetFixQuality" time="0.0010" />

      <testcase classname="net.sf.marineapi.nmea.parser.GGATest" name="testGetNumberOfSatellites" time="0.0" />

      <testcase classname="net.sf.marineapi.nmea.parser.GGATest" name="testSetHorizontalDOP" time="0.0010" />

      <testcase classname="net.sf.marineapi.nmea.parser.GGATest" name="testSetDgpsStationId" time="0.0" />

      <testcase classname="net.sf.marineapi.nmea.parser.GGATest" name="testSetGeoidalHeightUnits" time="0.0" />

      <testcase classname="net.sf.marineapi.nmea.parser.GGATest" name="testGetGeoidalHeight" time="0.0010" />

      <testcase classname="net.sf.marineapi.nmea.parser.GGATest" name="testSetAltitudeUnits" time="0.0" />

      <testcase classname="net.sf.marineapi.nmea.parser.GGATest" name="testSetTime" time="0.0010" />

      <testcase classname="net.sf.marineapi.nmea.parser.GGATest" name="testGetDgpsAge" time="0.0" />

      <testcase classname="net.sf.marineapi.nmea.parser.GGATest" name="testGetHorizontalDOP" time="0.0" />

      <testcase classname="net.sf.marineapi.nmea.parser.GGATest" name="testConstructor" time="0.0" />

      <testcase classname="net.sf.marineapi.nmea.parser.GGATest" name="testSetPosition" time="0.0010" />

      <system-out />

      <system-err />

  </testsuite>
  <testsuite errors="0" failures="0" hostname="jupiter" id="9" name="GLLTest" package="net.sf.marineapi.nmea.parser" tests="8" time="0.018" timestamp="2014-06-09T17:28:53">
      <properties>
[...]
</properties>

      <testcase classname="net.sf.marineapi.nmea.parser.GLLTest" name="testGetPosition" time="0.0070" />

      <testcase classname="net.sf.marineapi.nmea.parser.GLLTest" name="testSetPositionWithNonZeroValues" time="0.0010" />

      <testcase classname="net.sf.marineapi.nmea.parser.GLLTest" name="testGetDataStatus" time="0.0010" />

      <testcase classname="net.sf.marineapi.nmea.parser.GLLTest" name="testSetDataStatus" time="0.0" />

      <testcase classname="net.sf.marineapi.nmea.parser.GLLTest" name="testGetTime" time="0.0010" />

      <testcase classname="net.sf.marineapi.nmea.parser.GLLTest" name="testSetTime" time="0.0010" />

      <testcase classname="net.sf.marineapi.nmea.parser.GLLTest" name="testSetPositionWithZeroValues" time="0.0010" />

      <testcase classname="net.sf.marineapi.nmea.parser.GLLTest" name="testConstructor" time="0.0" />

      <system-out />

      <system-err />

  </testsuite>
  <testsuite errors="0" failures="0" hostname="jupiter" id="10" name="GSATest" package="net.sf.marineapi.nmea.parser" tests="13" time="0.019" timestamp="2014-06-09T17:28:53">
      <properties>
[...]
</properties>

      <testcase classname="net.sf.marineapi.nmea.parser.GSATest" name="testGetPositionDOP" time="0.0050" />

      <testcase classname="net.sf.marineapi.nmea.parser.GSATest" name="testSetVerticalDOP" time="0.0" />

      <testcase classname="net.sf.marineapi.nmea.parser.GSATest" name="testSetFixStatus" time="0.0010" />

      <testcase classname="net.sf.marineapi.nmea.parser.GSATest" name="testGetFaaMode" time="0.0010" />

      <testcase classname="net.sf.marineapi.nmea.parser.GSATest" name="testSetHorizontalDOP" time="0.0010" />

      <testcase classname="net.sf.marineapi.nmea.parser.GSATest" name="testGetVerticalDOP" time="0.0" />

      <testcase classname="net.sf.marineapi.nmea.parser.GSATest" name="testSetPositionDOP" time="0.0010" />

      <testcase classname="net.sf.marineapi.nmea.parser.GSATest" name="testGetSatelliteIds" time="0.0" />

      <testcase classname="net.sf.marineapi.nmea.parser.GSATest" name="testSetFaaMode" time="0.0010" />

      <testcase classname="net.sf.marineapi.nmea.parser.GSATest" name="testGetFixStatus" time="0.0" />

      <testcase classname="net.sf.marineapi.nmea.parser.GSATest" name="testGetHorizontalDOP" time="0.0010" />

      <testcase classname="net.sf.marineapi.nmea.parser.GSATest" name="testConstructor" time="0.0" />

      <testcase classname="net.sf.marineapi.nmea.parser.GSATest" name="testSetSatelliteIds" time="0.0010" />

      <system-out />

      <system-err />

  </testsuite>
  <testsuite errors="0" failures="0" hostname="jupiter" id="11" name="GSVTest" package="net.sf.marineapi.nmea.parser" tests="11" time="0.016" timestamp="2014-06-09T17:28:53">
      <properties>
[...]
</properties>

      <testcase classname="net.sf.marineapi.nmea.parser.GSVTest" name="testGetSentenceCount" time="0.0050" />

      <testcase classname="net.sf.marineapi.nmea.parser.GSVTest" name="testGetSentenceIndex" time="0.0010" />

      <testcase classname="net.sf.marineapi.nmea.parser.GSVTest" name="testSetSatelliteInfo" time="0.0010" />

      <testcase classname="net.sf.marineapi.nmea.parser.GSVTest" name="testSetSatelliteCount" time="0.0" />

      <testcase classname="net.sf.marineapi.nmea.parser.GSVTest" name="testSetSentenceCount" time="0.0010" />

      <testcase classname="net.sf.marineapi.nmea.parser.GSVTest" name="testGetSatelliteInfo" time="0.0" />

      <testcase classname="net.sf.marineapi.nmea.parser.GSVTest" name="testParserGlonassGSV" time="0.0010" />

      <testcase classname="net.sf.marineapi.nmea.parser.GSVTest" name="testIsLast" time="0.0" />

      <testcase classname="net.sf.marineapi.nmea.parser.GSVTest" name="testGetSatelliteCount" time="0.0" />

      <testcase classname="net.sf.marineapi.nmea.parser.GSVTest" name="testIsFirst" time="0.0" />

      <testcase classname="net.sf.marineapi.nmea.parser.GSVTest" name="testConstructor" time="0.0" />

      <system-out />

      <system-err />

  </testsuite>
  <testsuite errors="0" failures="0" hostname="jupiter" id="12" name="HDGTest" package="net.sf.marineapi.nmea.parser" tests="18" time="0.02" timestamp="2014-06-09T17:28:53">
      <properties>
[...]
</properties>

      <testcase classname="net.sf.marineapi.nmea.parser.HDGTest" name="testHDGParserTalkerId" time="0.0050" />

      <testcase classname="net.sf.marineapi.nmea.parser.HDGTest" name="testSetHeading" time="0.0010" />

      <testcase classname="net.sf.marineapi.nmea.parser.HDGTest" name="testSetDeviationEast" time="0.0010" />

      <testcase classname="net.sf.marineapi.nmea.parser.HDGTest" name="testSetDeviationWest" time="0.0" />

      <testcase classname="net.sf.marineapi.nmea.parser.HDGTest" name="testHDGParserString" time="0.0" />

      <testcase classname="net.sf.marineapi.nmea.parser.HDGTest" name="testSetHeadingTooHigh" time="0.0" />

      <testcase classname="net.sf.marineapi.nmea.parser.HDGTest" name="testSetVariationTooHigh" time="0.0" />

      <testcase classname="net.sf.marineapi.nmea.parser.HDGTest" name="testSetDeviationTooHigh" time="0.0" />

      <testcase classname="net.sf.marineapi.nmea.parser.HDGTest" name="testSetVariationEast" time="0.0" />

      <testcase classname="net.sf.marineapi.nmea.parser.HDGTest" name="testSetVariationWest" time="0.0" />

      <testcase classname="net.sf.marineapi.nmea.parser.HDGTest" name="testSetHeadingTooLow" time="0.0010" />

      <testcase classname="net.sf.marineapi.nmea.parser.HDGTest" name="testGetVariation" time="0.0" />

      <testcase classname="net.sf.marineapi.nmea.parser.HDGTest" name="testGetDeviation" time="0.0" />

      <testcase classname="net.sf.marineapi.nmea.parser.HDGTest" name="testGetHeading" time="0.0010" />

      <testcase classname="net.sf.marineapi.nmea.parser.HDGTest" name="testSetDeviationTooLow" time="0.0" />

      <testcase classname="net.sf.marineapi.nmea.parser.HDGTest" name="testIsTrue" time="0.0010" />

      <testcase classname="net.sf.marineapi.nmea.parser.HDGTest" name="testSetVariationTooLow" time="0.0" />

      <testcase classname="net.sf.marineapi.nmea.parser.HDGTest" name="testConstructor" time="0.0010" />

      <system-out />

      <system-err />

  </testsuite>
  <testsuite errors="0" failures="0" hostname="jupiter" id="13" name="HDMTest" package="net.sf.marineapi.nmea.parser" tests="6" time="0.015" timestamp="2014-06-09T17:28:53">
      <properties>
[...]
</properties>

      <testcase classname="net.sf.marineapi.nmea.parser.HDMTest" name="testSetHeading" time="0.0040" />

      <testcase classname="net.sf.marineapi.nmea.parser.HDMTest" name="testSetNegativeHeading" time="0.0" />

      <testcase classname="net.sf.marineapi.nmea.parser.HDMTest" name="testSetHeadingTooHigh" time="0.0" />

      <testcase classname="net.sf.marineapi.nmea.parser.HDMTest" name="testGetHeading" time="0.0" />

      <testcase classname="net.sf.marineapi.nmea.parser.HDMTest" name="testIsTrue" time="0.0" />

      <testcase classname="net.sf.marineapi.nmea.parser.HDMTest" name="testConstructor" time="0.0" />

      <system-out />

      <system-err />

  </testsuite>
  <testsuite errors="0" failures="0" hostname="jupiter" id="14" name="HDTTest" package="net.sf.marineapi.nmea.parser" tests="6" time="0.012" timestamp="2014-06-09T17:28:53">
      <properties>
[...]
</properties>

      <testcase classname="net.sf.marineapi.nmea.parser.HDTTest" name="testSetHeading" time="0.0050" />

      <testcase classname="net.sf.marineapi.nmea.parser.HDTTest" name="testSetNegativeHeading" time="0.0010" />

      <testcase classname="net.sf.marineapi.nmea.parser.HDTTest" name="testSetHeadingTooHigh" time="0.0" />

      <testcase classname="net.sf.marineapi.nmea.parser.HDTTest" name="testGetHeading" time="0.0" />

      <testcase classname="net.sf.marineapi.nmea.parser.HDTTest" name="testIsTrue" time="0.0" />

      <testcase classname="net.sf.marineapi.nmea.parser.HDTTest" name="testConstructor" time="0.0" />

      <system-out />

      <system-err />

  </testsuite>
  <testsuite errors="0" failures="0" hostname="jupiter" id="15" name="MTATest" package="net.sf.marineapi.nmea.parser" tests="4" time="0.012" timestamp="2014-06-09T17:28:53">
      <properties>
[...]
</properties>

      <testcase classname="net.sf.marineapi.nmea.parser.MTATest" name="testGetTemperature" time="0.0050" />

      <testcase classname="net.sf.marineapi.nmea.parser.MTATest" name="testMTAParserTalkerId" time="0.0010" />

      <testcase classname="net.sf.marineapi.nmea.parser.MTATest" name="testMTAParserString" time="0.0" />

      <testcase classname="net.sf.marineapi.nmea.parser.MTATest" name="testSetTemperature" time="0.0010" />

      <system-out />

      <system-err />

  </testsuite>
  <testsuite errors="0" failures="0" hostname="jupiter" id="16" name="MTWTest" package="net.sf.marineapi.nmea.parser" tests="4" time="0.011" timestamp="2014-06-09T17:28:53">
      <properties>
[...]
</properties>

      <testcase classname="net.sf.marineapi.nmea.parser.MTWTest" name="testGetTemperature" time="0.0040" />

      <testcase classname="net.sf.marineapi.nmea.parser.MTWTest" name="testMTWParserString" time="0.0010" />

      <testcase classname="net.sf.marineapi.nmea.parser.MTWTest" name="testMTWParserTalkerId" time="0.0" />

      <testcase classname="net.sf.marineapi.nmea.parser.MTWTest" name="testSetTemperature" time="0.0" />

      <system-out />

      <system-err />

  </testsuite>
  <testsuite errors="0" failures="0" hostname="jupiter" id="17" name="MWVTest" package="net.sf.marineapi.nmea.parser" tests="15" time="0.017" timestamp="2014-06-09T17:28:53">
      <properties>
[...]
</properties>

      <testcase classname="net.sf.marineapi.nmea.parser.MWVTest" name="testGetAngle" time="0.0050" />

      <testcase classname="net.sf.marineapi.nmea.parser.MWVTest" name="testGetSpeed" time="0.0" />

      <testcase classname="net.sf.marineapi.nmea.parser.MWVTest" name="testGetSpeedUnit" time="0.0010" />

      <testcase classname="net.sf.marineapi.nmea.parser.MWVTest" name="testSetNegativeAngle" time="0.0" />

      <testcase classname="net.sf.marineapi.nmea.parser.MWVTest" name="testSetNegativeSpeed" time="0.0" />

      <testcase classname="net.sf.marineapi.nmea.parser.MWVTest" name="testSetAngleOutOfRange" time="0.0" />

      <testcase classname="net.sf.marineapi.nmea.parser.MWVTest" name="testMWVParserTalkerId" time="0.0" />

      <testcase classname="net.sf.marineapi.nmea.parser.MWVTest" name="testSetSpeedUnit" time="0.0" />

      <testcase classname="net.sf.marineapi.nmea.parser.MWVTest" name="testSetStatus" time="0.0" />

      <testcase classname="net.sf.marineapi.nmea.parser.MWVTest" name="testSetInvalidSpeedUnit" time="0.0" />

      <testcase classname="net.sf.marineapi.nmea.parser.MWVTest" name="testIsTrue" time="0.0" />

      <testcase classname="net.sf.marineapi.nmea.parser.MWVTest" name="testGetStatus" time="0.0" />

      <testcase classname="net.sf.marineapi.nmea.parser.MWVTest" name="testSetTrue" time="0.0" />

      <testcase classname="net.sf.marineapi.nmea.parser.MWVTest" name="testSetAngle" time="0.0010" />

      <testcase classname="net.sf.marineapi.nmea.parser.MWVTest" name="testSetSpeed" time="0.0" />

      <system-out />

      <system-err />

  </testsuite>
  <testsuite errors="0" failures="0" hostname="jupiter" id="18" name="PositionParserTest" package="net.sf.marineapi.nmea.parser" tests="10" time="0.018" timestamp="2014-06-09T17:28:53">
      <properties>
[...]
</properties>

      <testcase classname="net.sf.marineapi.nmea.parser.PositionParserTest" name="testSetLongitude" time="0.0050" />

      <testcase classname="net.sf.marineapi.nmea.parser.PositionParserTest" name="testSetPositionValuesNE" time="0.0020" />

      <testcase classname="net.sf.marineapi.nmea.parser.PositionParserTest" name="testSetPositionValuesSW" time="0.0" />

      <testcase classname="net.sf.marineapi.nmea.parser.PositionParserTest" name="testParseLatitude" time="0.0" />

      <testcase classname="net.sf.marineapi.nmea.parser.PositionParserTest" name="testSetLonHemisphere" time="0.0" />

      <testcase classname="net.sf.marineapi.nmea.parser.PositionParserTest" name="testSetLatitude" time="0.0010" />

      <testcase classname="net.sf.marineapi.nmea.parser.PositionParserTest" name="testSetLatHemisphere" time="0.0" />

      <testcase classname="net.sf.marineapi.nmea.parser.PositionParserTest" name="testParseHemisphereLat" time="0.0" />

      <testcase classname="net.sf.marineapi.nmea.parser.PositionParserTest" name="testParseHemisphereLon" time="0.0" />

      <testcase classname="net.sf.marineapi.nmea.parser.PositionParserTest" name="testParseLongitude" time="0.0" />

      <system-out />

      <system-err />

  </testsuite>
  <testsuite errors="0" failures="0" hostname="jupiter" id="19" name="RMBTest" package="net.sf.marineapi.nmea.parser" tests="22" time="0.025" timestamp="2014-06-09T17:28:53">
      <properties>
[...]
</properties>

      <testcase classname="net.sf.marineapi.nmea.parser.RMBTest" name="testSetCrossTrackError" time="0.0060" />

      <testcase classname="net.sf.marineapi.nmea.parser.RMBTest" name="testGetRange" time="0.0010" />

      <testcase classname="net.sf.marineapi.nmea.parser.RMBTest" name="testSetOriginId" time="0.0" />

      <testcase classname="net.sf.marineapi.nmea.parser.RMBTest" name="testGetSteerTo" time="0.0010" />

      <testcase classname="net.sf.marineapi.nmea.parser.RMBTest" name="testGetOriginId" time="0.0" />

      <testcase classname="net.sf.marineapi.nmea.parser.RMBTest" name="testSetBearingWithValueGreaterThanAllowed" time="0.0" />

      <testcase classname="net.sf.marineapi.nmea.parser.RMBTest" name="testSetVelocity" time="0.0" />

      <testcase classname="net.sf.marineapi.nmea.parser.RMBTest" name="testSetDestination" time="0.0020" />

      <testcase classname="net.sf.marineapi.nmea.parser.RMBTest" name="testGetVelocity" time="0.0010" />

      <testcase classname="net.sf.marineapi.nmea.parser.RMBTest" name="testGetBearing" time="0.0" />

      <testcase classname="net.sf.marineapi.nmea.parser.RMBTest" name="testSetSteerTo" time="0.0010" />

      <testcase classname="net.sf.marineapi.nmea.parser.RMBTest" name="testSetSteerToWithNull" time="0.0" />

      <testcase classname="net.sf.marineapi.nmea.parser.RMBTest" name="testGetDestination" time="0.0" />

      <testcase classname="net.sf.marineapi.nmea.parser.RMBTest" name="testSetStatus" time="0.0" />

      <testcase classname="net.sf.marineapi.nmea.parser.RMBTest" name="testGetCrossTrackError" time="0.0010" />

      <testcase classname="net.sf.marineapi.nmea.parser.RMBTest" name="testArrivalStatus" time="0.0010" />

      <testcase classname="net.sf.marineapi.nmea.parser.RMBTest" name="testGetStatus" time="0.0" />

      <testcase classname="net.sf.marineapi.nmea.parser.RMBTest" name="testSetBearingWithNegativeValue" time="0.0" />

      <testcase classname="net.sf.marineapi.nmea.parser.RMBTest" name="testSetVelocityWithNegativeValue" time="0.0010" />

      <testcase classname="net.sf.marineapi.nmea.parser.RMBTest" name="testSetBearing" time="0.0" />

      <testcase classname="net.sf.marineapi.nmea.parser.RMBTest" name="testConstructor" time="0.0" />

      <testcase classname="net.sf.marineapi.nmea.parser.RMBTest" name="testSetRange" time="0.0" />

      <system-out />

      <system-err />

  </testsuite>
  <testsuite errors="0" failures="0" hostname="jupiter" id="20" name="RMCTest" package="net.sf.marineapi.nmea.parser" tests="25" time="0.027" timestamp="2014-06-09T17:28:53">
      <properties>
[...]
</properties>

      <testcase classname="net.sf.marineapi.nmea.parser.RMCTest" name="testGetPosition" time="0.0060" />

      <testcase classname="net.sf.marineapi.nmea.parser.RMCTest" name="testGetMagneticVariation" time="0.0" />

      <testcase classname="net.sf.marineapi.nmea.parser.RMCTest" name="testSetVariation" time="0.0010" />

      <testcase classname="net.sf.marineapi.nmea.parser.RMCTest" name="testGetMonth" time="0.0010" />

      <testcase classname="net.sf.marineapi.nmea.parser.RMCTest" name="testGetSpeed" time="0.0" />

      <testcase classname="net.sf.marineapi.nmea.parser.RMCTest" name="testGetDataStatus" time="0.0010" />

      <testcase classname="net.sf.marineapi.nmea.parser.RMCTest" name="testGetFaaMode" time="0.0010" />

      <testcase classname="net.sf.marineapi.nmea.parser.RMCTest" name="testSetDataStatus" time="0.0" />

      <testcase classname="net.sf.marineapi.nmea.parser.RMCTest" name="testGetDate" time="0.0" />

      <testcase classname="net.sf.marineapi.nmea.parser.RMCTest" name="testGetTime" time="0.0010" />

      <testcase classname="net.sf.marineapi.nmea.parser.RMCTest" name="testGetYear" time="0.0" />

      <testcase classname="net.sf.marineapi.nmea.parser.RMCTest" name="testGetDirectionOfVariation" time="0.0" />

      <testcase classname="net.sf.marineapi.nmea.parser.RMCTest" name="testSetCourse" time="0.0010" />

      <testcase classname="net.sf.marineapi.nmea.parser.RMCTest" name="testGetCourse" time="0.0" />

      <testcase classname="net.sf.marineapi.nmea.parser.RMCTest" name="testSetFaaModeWhenOmitted" time="0.0010" />

      <testcase classname="net.sf.marineapi.nmea.parser.RMCTest" name="testSetFaaMode" time="0.0010" />

      <testcase classname="net.sf.marineapi.nmea.parser.RMCTest" name="testGetDay" time="0.0" />

      <testcase classname="net.sf.marineapi.nmea.parser.RMCTest" name="testGetCorrectedCourse" time="0.0" />

      <testcase classname="net.sf.marineapi.nmea.parser.RMCTest" name="testSetDate" time="0.0" />

      <testcase classname="net.sf.marineapi.nmea.parser.RMCTest" name="testSetTime" time="0.0010" />

      <testcase classname="net.sf.marineapi.nmea.parser.RMCTest" name="testSetDirectionOfVariation" time="0.0" />

      <testcase classname="net.sf.marineapi.nmea.parser.RMCTest" name="testSetDirectionOfVariationWithInvalidDirection" time="0.0" />

      <testcase classname="net.sf.marineapi.nmea.parser.RMCTest" name="testConstructor" time="0.0010" />

      <testcase classname="net.sf.marineapi.nmea.parser.RMCTest" name="testSetPosition" time="0.0" />

      <testcase classname="net.sf.marineapi.nmea.parser.RMCTest" name="testSetSpeed" time="0.0" />

      <system-out />

      <system-err />

  </testsuite>
  <testsuite errors="0" failures="0" hostname="jupiter" id="21" name="ROTTest" package="net.sf.marineapi.nmea.parser" tests="5" time="0.011" timestamp="2014-06-09T17:28:53">
      <properties>
[...]
</properties>

      <testcase classname="net.sf.marineapi.nmea.parser.ROTTest" name="testGetRateOfTurn" time="0.0040" />

      <testcase classname="net.sf.marineapi.nmea.parser.ROTTest" name="testSetRateOfTurn" time="0.0" />

      <testcase classname="net.sf.marineapi.nmea.parser.ROTTest" name="testSetStatus" time="0.0010" />

      <testcase classname="net.sf.marineapi.nmea.parser.ROTTest" name="testGetStatus" time="0.0" />

      <testcase classname="net.sf.marineapi.nmea.parser.ROTTest" name="testConstructor" time="0.0010" />

      <system-out />

      <system-err />

  </testsuite>
  <testsuite errors="0" failures="0" hostname="jupiter" id="22" name="RPMTest" package="net.sf.marineapi.nmea.parser" tests="14" time="0.017" timestamp="2014-06-09T17:28:53">
      <properties>
[...]
</properties>

      <testcase classname="net.sf.marineapi.nmea.parser.RPMTest" name="testGetPitch" time="0.0050" />

      <testcase classname="net.sf.marineapi.nmea.parser.RPMTest" name="testRPMParserString" time="0.0" />

      <testcase classname="net.sf.marineapi.nmea.parser.RPMTest" name="testGetId" time="0.0" />

      <testcase classname="net.sf.marineapi.nmea.parser.RPMTest" name="testSetId" time="0.0" />

      <testcase classname="net.sf.marineapi.nmea.parser.RPMTest" name="testSetInvalidSource" time="0.0010" />

      <testcase classname="net.sf.marineapi.nmea.parser.RPMTest" name="testIsEngine" time="0.0" />

      <testcase classname="net.sf.marineapi.nmea.parser.RPMTest" name="testSetSource" time="0.0010" />

      <testcase classname="net.sf.marineapi.nmea.parser.RPMTest" name="testSetStatus" time="0.0" />

      <testcase classname="net.sf.marineapi.nmea.parser.RPMTest" name="testGetRPM" time="0.0" />

      <testcase classname="net.sf.marineapi.nmea.parser.RPMTest" name="testGetSource" time="0.0" />

      <testcase classname="net.sf.marineapi.nmea.parser.RPMTest" name="testGetStatus" time="0.0" />

      <testcase classname="net.sf.marineapi.nmea.parser.RPMTest" name="testIsShaft" time="0.0" />

      <testcase classname="net.sf.marineapi.nmea.parser.RPMTest" name="testRPMParserTalkerId" time="0.0" />

      <testcase classname="net.sf.marineapi.nmea.parser.RPMTest" name="testSetPitch" time="0.0" />

      <system-out />

      <system-err />

  </testsuite>
  <testsuite errors="0" failures="0" hostname="jupiter" id="23" name="RSATest" package="net.sf.marineapi.nmea.parser" tests="7" time="0.011" timestamp="2014-06-09T17:28:53">
      <properties>
[...]
</properties>

      <testcase classname="net.sf.marineapi.nmea.parser.RSATest" name="testSetStatusPort" time="0.0060" />

      <testcase classname="net.sf.marineapi.nmea.parser.RSATest" name="testGetRudderAngle" time="0.0" />

      <testcase classname="net.sf.marineapi.nmea.parser.RSATest" name="testRSAParserTalkerId" time="0.0" />

      <testcase classname="net.sf.marineapi.nmea.parser.RSATest" name="testSetStatusStarboard" time="0.0" />

      <testcase classname="net.sf.marineapi.nmea.parser.RSATest" name="testRSAParserString" time="0.0" />

      <testcase classname="net.sf.marineapi.nmea.parser.RSATest" name="testSetRudderAngle" time="0.0" />

      <testcase classname="net.sf.marineapi.nmea.parser.RSATest" name="testGetStatus" time="0.0" />

      <system-out />

      <system-err />

  </testsuite>
  <testsuite errors="0" failures="0" hostname="jupiter" id="24" name="RTETest" package="net.sf.marineapi.nmea.parser" tests="19" time="0.017" timestamp="2014-06-09T17:28:53">
      <properties>
[...]
</properties>

      <testcase classname="net.sf.marineapi.nmea.parser.RTETest" name="testGetWaypointIds" time="0.0050" />

      <testcase classname="net.sf.marineapi.nmea.parser.RTETest" name="testSetRouteTypeWorking" time="0.0010" />

      <testcase classname="net.sf.marineapi.nmea.parser.RTETest" name="testGetSentenceCount" time="0.0" />

      <testcase classname="net.sf.marineapi.nmea.parser.RTETest" name="testGetSentenceIndex" time="0.0" />

      <testcase classname="net.sf.marineapi.nmea.parser.RTETest" name="testSetRouteId" time="0.0010" />

      <testcase classname="net.sf.marineapi.nmea.parser.RTETest" name="testIsActiveRoute" time="0.0" />

      <testcase classname="net.sf.marineapi.nmea.parser.RTETest" name="testSetSentenceIndexWithNegativeValue" time="0.0" />

      <testcase classname="net.sf.marineapi.nmea.parser.RTETest" name="testSetRouteTypeActive" time="0.0" />

      <testcase classname="net.sf.marineapi.nmea.parser.RTETest" name="testGetWaypointCount" time="0.0010" />

      <testcase classname="net.sf.marineapi.nmea.parser.RTETest" name="testSetWaypointIds" time="0.0" />

      <testcase classname="net.sf.marineapi.nmea.parser.RTETest" name="testAddWaypointId" time="0.0010" />

      <testcase classname="net.sf.marineapi.nmea.parser.RTETest" name="testSetSentenceCount" time="0.0" />

      <testcase classname="net.sf.marineapi.nmea.parser.RTETest" name="testSetSentenceIndex" time="0.0" />

      <testcase classname="net.sf.marineapi.nmea.parser.RTETest" name="testSetSentenceCountWithNegativeValue" time="0.0010" />

      <testcase classname="net.sf.marineapi.nmea.parser.RTETest" name="testIsLast" time="0.0" />

      <testcase classname="net.sf.marineapi.nmea.parser.RTETest" name="testIsFirst" time="0.0010" />

      <testcase classname="net.sf.marineapi.nmea.parser.RTETest" name="testGetRouteId" time="0.0" />

      <testcase classname="net.sf.marineapi.nmea.parser.RTETest" name="testIsWorkingRoute" time="0.0" />

      <testcase classname="net.sf.marineapi.nmea.parser.RTETest" name="testConstructor" time="0.0010" />

      <system-out />

      <system-err />

  </testsuite>
  <testsuite errors="0" failures="0" hostname="jupiter" id="25" name="SentenceFactoryTest" package="net.sf.marineapi.nmea.parser" tests="15" time="0.039" timestamp="2014-06-09T17:28:53">
      <properties>
[...]
</properties>

      <testcase classname="net.sf.marineapi.nmea.parser.SentenceFactoryTest" name="testCreateParser" time="0.026" />

      <testcase classname="net.sf.marineapi.nmea.parser.SentenceFactoryTest" name="testRegisterParserWithAlternativeBeginChar" time="0.0010" />

      <testcase classname="net.sf.marineapi.nmea.parser.SentenceFactoryTest" name="testRegisterInvalidParser" time="0.0" />

      <testcase classname="net.sf.marineapi.nmea.parser.SentenceFactoryTest" name="testCreateEmptyParserWithSentenceId" time="0.0020" />

      <testcase classname="net.sf.marineapi.nmea.parser.SentenceFactoryTest" name="testSupportedTypesRegistered" time="0.0" />

      <testcase classname="net.sf.marineapi.nmea.parser.SentenceFactoryTest" name="testCreateParserWithNull" time="0.0" />

      <testcase classname="net.sf.marineapi.nmea.parser.SentenceFactoryTest" name="testHasParser" time="0.0" />

      <testcase classname="net.sf.marineapi.nmea.parser.SentenceFactoryTest" name="testCreateCustomParser" time="0.0010" />

      <testcase classname="net.sf.marineapi.nmea.parser.SentenceFactoryTest" name="testCreateEmptyParserWithSentenceIdStr" time="0.0" />

      <testcase classname="net.sf.marineapi.nmea.parser.SentenceFactoryTest" name="testUnregisterParser" time="0.0" />

      <testcase classname="net.sf.marineapi.nmea.parser.SentenceFactoryTest" name="testCreateEmptyCustomParser" time="0.0" />

      <testcase classname="net.sf.marineapi.nmea.parser.SentenceFactoryTest" name="testCreateParserWithRandom" time="0.0" />

      <testcase classname="net.sf.marineapi.nmea.parser.SentenceFactoryTest" name="testGetInstance" time="0.0" />

      <testcase classname="net.sf.marineapi.nmea.parser.SentenceFactoryTest" name="testCreateParserWithEmptyString" time="0.0" />

      <testcase classname="net.sf.marineapi.nmea.parser.SentenceFactoryTest" name="testCreateParserWithUnregistered" time="0.0" />

      <system-out />

      <system-err />

  </testsuite>
  <testsuite errors="0" failures="0" hostname="jupiter" id="26" name="SentenceParserTest" package="net.sf.marineapi.nmea.parser" tests="35" time="0.046" timestamp="2014-06-09T17:28:53">
      <properties>
[...]
</properties>

      <testcase classname="net.sf.marineapi.nmea.parser.SentenceParserTest" name="testGetStringValueWithIndexGreaterThanAllowed" time="0.0040" />

      <testcase classname="net.sf.marineapi.nmea.parser.SentenceParserTest" name="testConstructorWithWrongType" time="0.0010" />

      <testcase classname="net.sf.marineapi.nmea.parser.SentenceParserTest" name="testGetStringValueWithNegativeIndex" time="0.0" />

      <testcase classname="net.sf.marineapi.nmea.parser.SentenceParserTest" name="testToSentenceWithMaxLength" time="0.0" />

      <testcase classname="net.sf.marineapi.nmea.parser.SentenceParserTest" name="testToString" time="0.0010" />

      <testcase classname="net.sf.marineapi.nmea.parser.SentenceParserTest" name="testSetIntValueWithLeading" time="0.0" />

      <testcase classname="net.sf.marineapi.nmea.parser.SentenceParserTest" name="testSetDoubleValue" time="0.0010" />

      <testcase classname="net.sf.marineapi.nmea.parser.SentenceParserTest" name="testSetFieldCountLower" time="0.0" />

      <testcase classname="net.sf.marineapi.nmea.parser.SentenceParserTest" name="testGetSentenceId" time="0.0" />

      <testcase classname="net.sf.marineapi.nmea.parser.SentenceParserTest" name="testSetDoubleValueWithPrecision" time="0.0" />

      <testcase classname="net.sf.marineapi.nmea.parser.SentenceParserTest" name="testConstructorWithInvalidSentence" time="0.0010" />

      <testcase classname="net.sf.marineapi.nmea.parser.SentenceParserTest" name="testToSentenceWithMaxLengthOnLimit" time="0.0" />

      <testcase classname="net.sf.marineapi.nmea.parser.SentenceParserTest" name="testGetCharValueWithEmptyFields" time="0.0010" />

      <testcase classname="net.sf.marineapi.nmea.parser.SentenceParserTest" name="testSetFieldCountHigher" time="0.0" />

      <testcase classname="net.sf.marineapi.nmea.parser.SentenceParserTest" name="testToSentenceWithMaxLengthExceeded" time="0.0" />

      <testcase classname="net.sf.marineapi.nmea.parser.SentenceParserTest" name="testGetTalkerId" time="0.0" />

      <testcase classname="net.sf.marineapi.nmea.parser.SentenceParserTest" name="testSetFieldCountHigherByOne" time="0.0010" />

      <testcase classname="net.sf.marineapi.nmea.parser.SentenceParserTest" name="testGetStringValue" time="0.0" />

      <testcase classname="net.sf.marineapi.nmea.parser.SentenceParserTest" name="testGetDoubleValueWithInvalidValue" time="0.0" />

      <testcase classname="net.sf.marineapi.nmea.parser.SentenceParserTest" name="testGetStringValueWithValidIndex" time="0.0" />

      <testcase classname="net.sf.marineapi.nmea.parser.SentenceParserTest" name="testConstructorWithUnsupportedTalker" time="0.0" />

      <testcase classname="net.sf.marineapi.nmea.parser.SentenceParserTest" name="testEqualsWithNonEqual" time="0.0010" />

      <testcase classname="net.sf.marineapi.nmea.parser.SentenceParserTest" name="testConstructorWithCustomParser" time="0.023" />

      <testcase classname="net.sf.marineapi.nmea.parser.SentenceParserTest" name="testConstructorWithAIVDM" time="0.0" />

      <testcase classname="net.sf.marineapi.nmea.parser.SentenceParserTest" name="testConstructorWithAIVDO" time="0.0" />

      <testcase classname="net.sf.marineapi.nmea.parser.SentenceParserTest" name="testConstructorWithNulls" time="0.0" />

      <testcase classname="net.sf.marineapi.nmea.parser.SentenceParserTest" name="testEquals" time="0.0010" />

      <testcase classname="net.sf.marineapi.nmea.parser.SentenceParserTest" name="testConstructorWithNullType" time="0.0" />

      <testcase classname="net.sf.marineapi.nmea.parser.SentenceParserTest" name="testIsValid" time="0.0" />

      <testcase classname="net.sf.marineapi.nmea.parser.SentenceParserTest" name="testGetStringValueWithEmptyFields" time="0.0" />

      <testcase classname="net.sf.marineapi.nmea.parser.SentenceParserTest" name="testConstructorForEmptySentence" time="0.0" />

      <testcase classname="net.sf.marineapi.nmea.parser.SentenceParserTest" name="testSetFieldCountLowerByOne" time="0.0" />

      <testcase classname="net.sf.marineapi.nmea.parser.SentenceParserTest" name="testGetDoubleValueWithEmptyFields" time="0.0" />

      <testcase classname="net.sf.marineapi.nmea.parser.SentenceParserTest" name="testEqualsWithNull" time="0.0" />

      <testcase classname="net.sf.marineapi.nmea.parser.SentenceParserTest" name="testEqualsWithSelf" time="0.0" />

      <system-out />

      <system-err />

  </testsuite>
  <testsuite errors="0" failures="0" hostname="jupiter" id="27" name="TTMTest" package="net.sf.marineapi.nmea.parser" tests="25" time="0.02" timestamp="2014-06-09T17:28:53">
      <properties>
[...]
</properties>

      <testcase classname="net.sf.marineapi.nmea.parser.TTMTest" name="testSetTimeToCPA" time="0.0050" />

      <testcase classname="net.sf.marineapi.nmea.parser.TTMTest" name="testGetSpeed" time="0.0" />

      <testcase classname="net.sf.marineapi.nmea.parser.TTMTest" name="testSetReferenceFalse" time="0.0" />

      <testcase classname="net.sf.marineapi.nmea.parser.TTMTest" name="testGetAcquisitionType" time="0.0010" />

      <testcase classname="net.sf.marineapi.nmea.parser.TTMTest" name="testGetName" time="0.0" />

      <testcase classname="net.sf.marineapi.nmea.parser.TTMTest" name="testGetTime" time="0.0010" />

      <testcase classname="net.sf.marineapi.nmea.parser.TTMTest" name="testSetDistanceOfCPA" time="0.0" />

      <testcase classname="net.sf.marineapi.nmea.parser.TTMTest" name="testGetBearing" time="0.0" />

      <testcase classname="net.sf.marineapi.nmea.parser.TTMTest" name="testSetAcquisitionType" time="0.0010" />

      <testcase classname="net.sf.marineapi.nmea.parser.TTMTest" name="testSetCourse" time="0.0" />

      <testcase classname="net.sf.marineapi.nmea.parser.TTMTest" name="testGetCourse" time="0.0" />

      <testcase classname="net.sf.marineapi.nmea.parser.TTMTest" name="testGetTimeToCPA" time="0.0010" />

      <testcase classname="net.sf.marineapi.nmea.parser.TTMTest" name="testSetNumber" time="0.0" />

      <testcase classname="net.sf.marineapi.nmea.parser.TTMTest" name="testSetStatus" time="0.0010" />

      <testcase classname="net.sf.marineapi.nmea.parser.TTMTest" name="testGetNumber" time="0.0" />

      <testcase classname="net.sf.marineapi.nmea.parser.TTMTest" name="testGetStatus" time="0.0010" />

      <testcase classname="net.sf.marineapi.nmea.parser.TTMTest" name="testGetDistanceOfCPA" time="0.0" />

      <testcase classname="net.sf.marineapi.nmea.parser.TTMTest" name="testSetName" time="0.0010" />

      <testcase classname="net.sf.marineapi.nmea.parser.TTMTest" name="testSetTime" time="0.0" />

      <testcase classname="net.sf.marineapi.nmea.parser.TTMTest" name="testSetDistance" time="0.0010" />

      <testcase classname="net.sf.marineapi.nmea.parser.TTMTest" name="testGetDistance" time="0.0" />

      <testcase classname="net.sf.marineapi.nmea.parser.TTMTest" name="testSetReferenceTrue" time="0.0" />

      <testcase classname="net.sf.marineapi.nmea.parser.TTMTest" name="testSetBearing" time="0.0010" />

      <testcase classname="net.sf.marineapi.nmea.parser.TTMTest" name="testConstructor" time="0.0" />

      <testcase classname="net.sf.marineapi.nmea.parser.TTMTest" name="testSetSpeed" time="0.0" />

      <system-out />

      <system-err />

  </testsuite>
  <testsuite errors="0" failures="0" hostname="jupiter" id="28" name="VDRTest" package="net.sf.marineapi.nmea.parser" tests="8" time="0.011" timestamp="2014-06-09T17:28:53">
      <properties>
[...]
</properties>

      <testcase classname="net.sf.marineapi.nmea.parser.VDRTest" name="testGetSpeed" time="0.0040" />

      <testcase classname="net.sf.marineapi.nmea.parser.VDRTest" name="testGetTrueDirection" time="0.0" />

      <testcase classname="net.sf.marineapi.nmea.parser.VDRTest" name="testVDRParserTalkerId" time="0.0" />

      <testcase classname="net.sf.marineapi.nmea.parser.VDRTest" name="testVDRParserString" time="0.0" />

      <testcase classname="net.sf.marineapi.nmea.parser.VDRTest" name="testSetMagneticDirection" time="0.0" />

      <testcase classname="net.sf.marineapi.nmea.parser.VDRTest" name="testSetTrueDirection" time="0.0" />

      <testcase classname="net.sf.marineapi.nmea.parser.VDRTest" name="testGetMagneticDirection" time="0.0010" />

      <testcase classname="net.sf.marineapi.nmea.parser.VDRTest" name="testSetSpeed" time="0.0" />

      <system-out />

      <system-err />

  </testsuite>
  <testsuite errors="0" failures="0" hostname="jupiter" id="29" name="VHWTest" package="net.sf.marineapi.nmea.parser" tests="11" time="0.011" timestamp="2014-06-09T17:28:53">
      <properties>
[...]
</properties>

      <testcase classname="net.sf.marineapi.nmea.parser.VHWTest" name="testGetSpeedKnots" time="0.0040" />

      <testcase classname="net.sf.marineapi.nmea.parser.VHWTest" name="testGetMagneticHeading" time="0.0" />

      <testcase classname="net.sf.marineapi.nmea.parser.VHWTest" name="testSetSpeedKnots" time="0.0010" />

      <testcase classname="net.sf.marineapi.nmea.parser.VHWTest" name="testSetHeading" time="0.0" />

      <testcase classname="net.sf.marineapi.nmea.parser.VHWTest" name="testSetMagneticHeading" time="0.0" />

      <testcase classname="net.sf.marineapi.nmea.parser.VHWTest" name="testGetSpeedKilometres" time="0.0010" />

      <testcase classname="net.sf.marineapi.nmea.parser.VHWTest" name="testConstructorTalkerId" time="0.0" />

      <testcase classname="net.sf.marineapi.nmea.parser.VHWTest" name="testConstructorString" time="0.0" />

      <testcase classname="net.sf.marineapi.nmea.parser.VHWTest" name="testSetSpeedKilometres" time="0.0" />

      <testcase classname="net.sf.marineapi.nmea.parser.VHWTest" name="testGetHeading" time="0.0" />

      <testcase classname="net.sf.marineapi.nmea.parser.VHWTest" name="testIsTrue" time="0.0" />

      <system-out />

      <system-err />

  </testsuite>
  <testsuite errors="0" failures="0" hostname="jupiter" id="30" name="VLWTest" package="net.sf.marineapi.nmea.parser" tests="10" time="0.011" timestamp="2014-06-09T17:28:53">
      <properties>
[...]
</properties>

      <testcase classname="net.sf.marineapi.nmea.parser.VLWTest" name="testSetTripUnits" time="0.0050" />

      <testcase classname="net.sf.marineapi.nmea.parser.VLWTest" name="testGetTotal" time="0.0" />

      <testcase classname="net.sf.marineapi.nmea.parser.VLWTest" name="testVLWParserTalkerId" time="0.0" />

      <testcase classname="net.sf.marineapi.nmea.parser.VLWTest" name="testVLWParserString" time="0.0" />

      <testcase classname="net.sf.marineapi.nmea.parser.VLWTest" name="testGetTrip" time="0.0010" />

      <testcase classname="net.sf.marineapi.nmea.parser.VLWTest" name="testGetTripUnits" time="0.0" />

      <testcase classname="net.sf.marineapi.nmea.parser.VLWTest" name="testGetTotalUnits" time="0.0" />

      <testcase classname="net.sf.marineapi.nmea.parser.VLWTest" name="testSetTrip" time="0.0" />

      <testcase classname="net.sf.marineapi.nmea.parser.VLWTest" name="testSetTotalUnits" time="0.0" />

      <testcase classname="net.sf.marineapi.nmea.parser.VLWTest" name="testSetTotal" time="0.0" />

      <system-out />

      <system-err />

  </testsuite>
  <testsuite errors="0" failures="0" hostname="jupiter" id="31" name="VTGTest" package="net.sf.marineapi.nmea.parser" tests="18" time="0.015" timestamp="2014-06-09T17:28:53">
      <properties>
[...]
</properties>

      <testcase classname="net.sf.marineapi.nmea.parser.VTGTest" name="testGetSpeedKnots" time="0.0050" />

      <testcase classname="net.sf.marineapi.nmea.parser.VTGTest" name="testSetSpeedKmhWithNegativeValue" time="0.0" />

      <testcase classname="net.sf.marineapi.nmea.parser.VTGTest" name="testSetMagneticCourseWithNegativeValue" time="0.0" />

      <testcase classname="net.sf.marineapi.nmea.parser.VTGTest" name="testSetSpeedKnots" time="0.0010" />

      <testcase classname="net.sf.marineapi.nmea.parser.VTGTest" name="testSetMagneticCourseWithValueGreaterThanAllowed" time="0.0" />

      <testcase classname="net.sf.marineapi.nmea.parser.VTGTest" name="testSetSpeedKnotsWithNegativeValue" time="0.0010" />

      <testcase classname="net.sf.marineapi.nmea.parser.VTGTest" name="testSetSpeedKmh" time="0.0" />

      <testcase classname="net.sf.marineapi.nmea.parser.VTGTest" name="testGetSpeedKmh" time="0.0" />

      <testcase classname="net.sf.marineapi.nmea.parser.VTGTest" name="testGetMode" time="0.0010" />

      <testcase classname="net.sf.marineapi.nmea.parser.VTGTest" name="testSetMagneticCourse" time="0.0" />

      <testcase classname="net.sf.marineapi.nmea.parser.VTGTest" name="testGetTrueCourse" time="0.0010" />

      <testcase classname="net.sf.marineapi.nmea.parser.VTGTest" name="testSetTrueCourse" time="0.0" />

      <testcase classname="net.sf.marineapi.nmea.parser.VTGTest" name="testGetMagneticCourse" time="0.0" />

      <testcase classname="net.sf.marineapi.nmea.parser.VTGTest" name="testSetTrueCourseWithNegativeValue" time="0.0" />

      <testcase classname="net.sf.marineapi.nmea.parser.VTGTest" name="testSetModeWhenOmitted" time="0.0010" />

      <testcase classname="net.sf.marineapi.nmea.parser.VTGTest" name="testSetMode" time="0.0010" />

      <testcase classname="net.sf.marineapi.nmea.parser.VTGTest" name="testSetTrueCourseWithValueGreaterThanAllowed" time="0.0" />

      <testcase classname="net.sf.marineapi.nmea.parser.VTGTest" name="testConstructor" time="0.0" />

      <system-out />

      <system-err />

  </testsuite>
  <testsuite errors="0" failures="0" hostname="jupiter" id="32" name="WPLTest" package="net.sf.marineapi.nmea.parser" tests="4" time="0.012" timestamp="2014-06-09T17:28:53">
      <properties>
[...]
</properties>

      <testcase classname="net.sf.marineapi.nmea.parser.WPLTest" name="testSetWaypointWithZeroValues" time="0.0080" />

      <testcase classname="net.sf.marineapi.nmea.parser.WPLTest" name="testSetWaypointWithNonZeroValues" time="0.0010" />

      <testcase classname="net.sf.marineapi.nmea.parser.WPLTest" name="testConstructor" time="0.0" />

      <testcase classname="net.sf.marineapi.nmea.parser.WPLTest" name="testGetWaypoint" time="0.0" />

      <system-out />

      <system-err />

  </testsuite>
  <testsuite errors="0" failures="0" hostname="jupiter" id="33" name="XDRTest" package="net.sf.marineapi.nmea.parser" tests="8" time="0.011" timestamp="2014-06-09T17:28:53">
      <properties>
[...]
</properties>

      <testcase classname="net.sf.marineapi.nmea.parser.XDRTest" name="testAddMeasurementToEmpty" time="0.0060" />

      <testcase classname="net.sf.marineapi.nmea.parser.XDRTest" name="testSetMeasurement" time="0.0" />

      <testcase classname="net.sf.marineapi.nmea.parser.XDRTest" name="testAddMultipleMeasurements" time="0.0" />

      <testcase classname="net.sf.marineapi.nmea.parser.XDRTest" name="testSetMeasurementsList" time="0.0" />

      <testcase classname="net.sf.marineapi.nmea.parser.XDRTest" name="testAddAnotherMeasurement" time="0.0010" />

      <testcase classname="net.sf.marineapi.nmea.parser.XDRTest" name="testGetMeasurements" time="0.0" />

      <testcase classname="net.sf.marineapi.nmea.parser.XDRTest" name="testSetMeasurementAsList" time="0.0" />

      <testcase classname="net.sf.marineapi.nmea.parser.XDRTest" name="testConstructor" time="0.0" />

      <system-out />

      <system-err />

  </testsuite>
  <testsuite errors="0" failures="0" hostname="jupiter" id="34" name="XTETest" package="net.sf.marineapi.nmea.parser" tests="12" time="0.013" timestamp="2014-06-09T17:28:53">
      <properties>
[...]
</properties>

      <testcase classname="net.sf.marineapi.nmea.parser.XTETest" name="testGetSteerTo" time="0.0050" />

      <testcase classname="net.sf.marineapi.nmea.parser.XTETest" name="testGetMagnitude" time="0.0" />

      <testcase classname="net.sf.marineapi.nmea.parser.XTETest" name="testXTEParserString" time="0.0" />

      <testcase classname="net.sf.marineapi.nmea.parser.XTETest" name="testGetMode" time="0.0" />

      <testcase classname="net.sf.marineapi.nmea.parser.XTETest" name="testGetCycleLockStatus" time="0.0" />

      <testcase classname="net.sf.marineapi.nmea.parser.XTETest" name="testXTEParserTalkerId" time="0.0" />

      <testcase classname="net.sf.marineapi.nmea.parser.XTETest" name="testSetSteerTo" time="0.0" />

      <testcase classname="net.sf.marineapi.nmea.parser.XTETest" name="testSetCycleLockStatus" time="0.0010" />

      <testcase classname="net.sf.marineapi.nmea.parser.XTETest" name="testSetMagnitude" time="0.0" />

      <testcase classname="net.sf.marineapi.nmea.parser.XTETest" name="testSetStatus" time="0.0" />

      <testcase classname="net.sf.marineapi.nmea.parser.XTETest" name="testGetStatus" time="0.0" />

      <testcase classname="net.sf.marineapi.nmea.parser.XTETest" name="testSetMode" time="0.0" />

      <system-out />

      <system-err />

  </testsuite>
  <testsuite errors="0" failures="0" hostname="jupiter" id="35" name="ZDATest" package="net.sf.marineapi.nmea.parser" tests="14" time="0.014" timestamp="2014-06-09T17:28:53">
      <properties>
[...]
</properties>

      <testcase classname="net.sf.marineapi.nmea.parser.ZDATest" name="testSetLocalZoneMinutes" time="0.0040" />

      <testcase classname="net.sf.marineapi.nmea.parser.ZDATest" name="testGetMonth" time="0.0010" />

      <testcase classname="net.sf.marineapi.nmea.parser.ZDATest" name="testSetTimeAndLocalZone" time="0.0010" />

      <testcase classname="net.sf.marineapi.nmea.parser.ZDATest" name="testGetDate" time="0.0" />

      <testcase classname="net.sf.marineapi.nmea.parser.ZDATest" name="testGetTime" time="0.0" />

      <testcase classname="net.sf.marineapi.nmea.parser.ZDATest" name="testGetYear" time="0.0" />

      <testcase classname="net.sf.marineapi.nmea.parser.ZDATest" name="testSetLocalZoneHours" time="0.0" />

      <testcase classname="net.sf.marineapi.nmea.parser.ZDATest" name="testGetLocalZoneMinutes" time="0.0010" />

      <testcase classname="net.sf.marineapi.nmea.parser.ZDATest" name="testGetLocalZoneHours" time="0.0" />

      <testcase classname="net.sf.marineapi.nmea.parser.ZDATest" name="testGetDay" time="0.0" />

      <testcase classname="net.sf.marineapi.nmea.parser.ZDATest" name="testSetDate" time="0.0010" />

      <testcase classname="net.sf.marineapi.nmea.parser.ZDATest" name="testSetTime" time="0.0" />

      <testcase classname="net.sf.marineapi.nmea.parser.ZDATest" name="testToDate" time="0.0010" />

      <testcase classname="net.sf.marineapi.nmea.parser.ZDATest" name="testConstructor" time="0.0" />

      <system-out />

      <system-err />

  </testsuite>
  <testsuite errors="0" failures="0" hostname="jupiter" id="36" name="SentenceIdTest" package="net.sf.marineapi.nmea.sentence" tests="7" time="0.0060" timestamp="2014-06-09T17:28:53">
      <properties>
[...]
</properties>

      <testcase classname="net.sf.marineapi.nmea.sentence.SentenceIdTest" name="testParseKnownId" time="0.0020" />

      <testcase classname="net.sf.marineapi.nmea.sentence.SentenceIdTest" name="testParseStrLongestPossibleProprietaryId" time="0.0" />

      <testcase classname="net.sf.marineapi.nmea.sentence.SentenceIdTest" name="testParseStrNormalLengthProprietaryId" time="0.0" />

      <testcase classname="net.sf.marineapi.nmea.sentence.SentenceIdTest" name="testParseStrShortProprietaryId" time="0.0" />

      <testcase classname="net.sf.marineapi.nmea.sentence.SentenceIdTest" name="testParseStrShortestPossibleProprietaryId" time="0.0010" />

      <testcase classname="net.sf.marineapi.nmea.sentence.SentenceIdTest" name="testParseUnknownId" time="0.0" />

      <testcase classname="net.sf.marineapi.nmea.sentence.SentenceIdTest" name="testParseStrStandardId" time="0.0" />

      <system-out />

      <system-err />

  </testsuite>
  <testsuite errors="0" failures="0" hostname="jupiter" id="37" name="SentenceValidatorTest" package="net.sf.marineapi.nmea.sentence" tests="7" time="0.0060" timestamp="2014-06-09T17:28:53">
      <properties>
[...]
</properties>

      <testcase classname="net.sf.marineapi.nmea.sentence.SentenceValidatorTest" name="testIsValidWithInvalidInput" time="0.0010" />

      <testcase classname="net.sf.marineapi.nmea.sentence.SentenceValidatorTest" name="testIsValidWithLongProprietaryId" time="0.0" />

      <testcase classname="net.sf.marineapi.nmea.sentence.SentenceValidatorTest" name="testSentenceWithoutChecksumValidation" time="0.0010" />

      <testcase classname="net.sf.marineapi.nmea.sentence.SentenceValidatorTest" name="testIsValidWithShortProprietaryId" time="0.0" />

      <testcase classname="net.sf.marineapi.nmea.sentence.SentenceValidatorTest" name="testIsValid" time="0.0" />

      <testcase classname="net.sf.marineapi.nmea.sentence.SentenceValidatorTest" name="testIsValidWithValidInput" time="0.0" />

      <testcase classname="net.sf.marineapi.nmea.sentence.SentenceValidatorTest" name="testSentenceWithChecksumValidation" time="0.0" />

      <system-out />

      <system-err />

  </testsuite>
  <testsuite errors="0" failures="0" hostname="jupiter" id="38" name="TalkerIdTest" package="net.sf.marineapi.nmea.sentence" tests="4" time="0.0050" timestamp="2014-06-09T17:28:53">
      <properties>
[...]
</properties>

      <testcase classname="net.sf.marineapi.nmea.sentence.TalkerIdTest" name="testParseProprietary" time="0.0020" />

      <testcase classname="net.sf.marineapi.nmea.sentence.TalkerIdTest" name="testParseUnknown" time="0.0" />

      <testcase classname="net.sf.marineapi.nmea.sentence.TalkerIdTest" name="testParse" time="0.0" />

      <testcase classname="net.sf.marineapi.nmea.sentence.TalkerIdTest" name="testParseAIS" time="0.0" />

      <system-out />

      <system-err />

  </testsuite>
  <testsuite errors="0" failures="0" hostname="jupiter" id="39" name="DateTest" package="net.sf.marineapi.nmea.util" tests="27" time="0.031" timestamp="2014-06-09T17:28:53">
      <properties>
[...]
</properties>

      <testcase classname="net.sf.marineapi.nmea.util.DateTest" name="testToISO8601FourDigitYear" time="0.0" />

      <testcase classname="net.sf.marineapi.nmea.util.DateTest" name="testSetMonthOutOfBounds" time="0.0" />

      <testcase classname="net.sf.marineapi.nmea.util.DateTest" name="testSetYearThreeDigits" time="0.0010" />

      <testcase classname="net.sf.marineapi.nmea.util.DateTest" name="testSetYearFourDigit" time="0.015" />

      <testcase classname="net.sf.marineapi.nmea.util.DateTest" name="testToISO8601WithTimeAndZeroZone" time="0.0020" />

      <testcase classname="net.sf.marineapi.nmea.util.DateTest" name="testToISO8601WithTimeAndNegativeOffset" time="0.0" />

      <testcase classname="net.sf.marineapi.nmea.util.DateTest" name="testGetMonth" time="0.0" />

      <testcase classname="net.sf.marineapi.nmea.util.DateTest" name="testToISO8601WithTimeAndPositiveOffset" time="0.0010" />

      <testcase classname="net.sf.marineapi.nmea.util.DateTest" name="testSetYearNegative" time="0.0" />

      <testcase classname="net.sf.marineapi.nmea.util.DateTest" name="testSetDayOutOfBounds" time="0.0" />

      <testcase classname="net.sf.marineapi.nmea.util.DateTest" name="testGetYear" time="0.0" />

      <testcase classname="net.sf.marineapi.nmea.util.DateTest" name="testEqualsItself" time="0.0" />

      <testcase classname="net.sf.marineapi.nmea.util.DateTest" name="testEqualsWrongType" time="0.0" />

      <testcase classname="net.sf.marineapi.nmea.util.DateTest" name="testSetYearTwoDigit" time="0.0020" />

      <testcase classname="net.sf.marineapi.nmea.util.DateTest" name="testToStringTwoDigitYear" time="0.0" />

      <testcase classname="net.sf.marineapi.nmea.util.DateTest" name="testSetYearFiveDigits" time="0.0" />

      <testcase classname="net.sf.marineapi.nmea.util.DateTest" name="testConstructorWithString" time="0.0" />

      <testcase classname="net.sf.marineapi.nmea.util.DateTest" name="testEqualsWhenChanged" time="0.0" />

      <testcase classname="net.sf.marineapi.nmea.util.DateTest" name="testConstructorWithValues" time="0.0" />

      <testcase classname="net.sf.marineapi.nmea.util.DateTest" name="testToStringFourDigitYear" time="0.0" />

      <testcase classname="net.sf.marineapi.nmea.util.DateTest" name="testEqualsAfterInit" time="0.0" />

      <testcase classname="net.sf.marineapi.nmea.util.DateTest" name="testGetDay" time="0.0" />

      <testcase classname="net.sf.marineapi.nmea.util.DateTest" name="testToISO8601WithTime" time="0.0" />

      <testcase classname="net.sf.marineapi.nmea.util.DateTest" name="testSetDay" time="0.0" />

      <testcase classname="net.sf.marineapi.nmea.util.DateTest" name="testToISO8601TwoDigitYear" time="0.0" />

      <testcase classname="net.sf.marineapi.nmea.util.DateTest" name="testConstructor" time="0.0010" />

      <testcase classname="net.sf.marineapi.nmea.util.DateTest" name="testSetMonth" time="0.0" />

      <system-out />

      <system-err />

  </testsuite>
  <testsuite errors="0" failures="0" hostname="jupiter" id="40" name="PositionTest" package="net.sf.marineapi.nmea.util" tests="16" time="0.0090" timestamp="2014-06-09T17:28:53">
      <properties>
[...]
</properties>

      <testcase classname="net.sf.marineapi.nmea.util.PositionTest" name="testDistanceToSelf" time="0.0" />

      <testcase classname="net.sf.marineapi.nmea.util.PositionTest" name="testGetDatum" time="0.0010" />

      <testcase classname="net.sf.marineapi.nmea.util.PositionTest" name="testGetLongitudeHemisphere" time="0.0" />

      <testcase classname="net.sf.marineapi.nmea.util.PositionTest" name="testGetLatitudeHemisphere" time="0.0" />

      <testcase classname="net.sf.marineapi.nmea.util.PositionTest" name="testSetIllegalLongitudeEast" time="0.0010" />

      <testcase classname="net.sf.marineapi.nmea.util.PositionTest" name="testSetIllegalLongitudeWest" time="0.0" />

      <testcase classname="net.sf.marineapi.nmea.util.PositionTest" name="testToWaypoint" time="0.0" />

      <testcase classname="net.sf.marineapi.nmea.util.PositionTest" name="testGetLatitude" time="0.0" />

      <testcase classname="net.sf.marineapi.nmea.util.PositionTest" name="testSetLongitudeEast" time="0.0" />

      <testcase classname="net.sf.marineapi.nmea.util.PositionTest" name="testSetLongitudeWest" time="0.0" />

      <testcase classname="net.sf.marineapi.nmea.util.PositionTest" name="testSetIllegalLatitudeNorth" time="0.0" />

      <testcase classname="net.sf.marineapi.nmea.util.PositionTest" name="testSetIllegalLatitudeSouth" time="0.0" />

      <testcase classname="net.sf.marineapi.nmea.util.PositionTest" name="testGetLongitude" time="0.0" />

      <testcase classname="net.sf.marineapi.nmea.util.PositionTest" name="testSetLatitudeNorth" time="0.0" />

      <testcase classname="net.sf.marineapi.nmea.util.PositionTest" name="testSetLatitudeSouth" time="0.0" />

      <testcase classname="net.sf.marineapi.nmea.util.PositionTest" name="testDistanceTo" time="0.0010" />

      <system-out />

      <system-err />

  </testsuite>
  <testsuite errors="0" failures="0" hostname="jupiter" id="41" name="TimeTest" package="net.sf.marineapi.nmea.util" tests="23" time="0.011" timestamp="2014-06-09T17:28:53">
      <properties>
[...]
</properties>

      <testcase classname="net.sf.marineapi.nmea.util.TimeTest" name="testGetSeconds" time="0.0" />

      <testcase classname="net.sf.marineapi.nmea.util.TimeTest" name="testSetInvalidSeconds" time="0.0010" />

      <testcase classname="net.sf.marineapi.nmea.util.TimeTest" name="testParseTimeWithoutDecimals" time="0.0" />

      <testcase classname="net.sf.marineapi.nmea.util.TimeTest" name="testSetNegativeHour" time="0.0" />

      <testcase classname="net.sf.marineapi.nmea.util.TimeTest" name="testParseTimeWithOneDecimal" time="0.0" />

      <testcase classname="net.sf.marineapi.nmea.util.TimeTest" name="testFormatTimeWithDecimals" time="0.0010" />

      <testcase classname="net.sf.marineapi.nmea.util.TimeTest" name="testSetMinutes" time="0.0" />

      <testcase classname="net.sf.marineapi.nmea.util.TimeTest" name="testDateRoundTrip" time="0.0" />

      <testcase classname="net.sf.marineapi.nmea.util.TimeTest" name="testGetHour" time="0.0" />

      <testcase classname="net.sf.marineapi.nmea.util.TimeTest" name="testParseTimeWithDecimals" time="0.0" />

      <testcase classname="net.sf.marineapi.nmea.util.TimeTest" name="testSetInvalidHour" time="0.0010" />

      <testcase classname="net.sf.marineapi.nmea.util.TimeTest" name="testSetNegativeMinutes" time="0.0" />

      <testcase classname="net.sf.marineapi.nmea.util.TimeTest" name="testSetSeconds" time="0.0" />

      <testcase classname="net.sf.marineapi.nmea.util.TimeTest" name="testFormatTimeNoDecimals" time="0.0" />

      <testcase classname="net.sf.marineapi.nmea.util.TimeTest" name="testSetNegativeSeconds" time="0.0" />

      <testcase classname="net.sf.marineapi.nmea.util.TimeTest" name="testFormatTimeWithOneDecimal" time="0.0" />

      <testcase classname="net.sf.marineapi.nmea.util.TimeTest" name="testEquals" time="0.0020" />

      <testcase classname="net.sf.marineapi.nmea.util.TimeTest" name="testGetMinutes" time="0.0" />

      <testcase classname="net.sf.marineapi.nmea.util.TimeTest" name="testSetInvalidMinutes" time="0.0" />

      <testcase classname="net.sf.marineapi.nmea.util.TimeTest" name="testGetMilliseconds" time="0.0" />

      <testcase classname="net.sf.marineapi.nmea.util.TimeTest" name="testSetHour" time="0.0" />

      <testcase classname="net.sf.marineapi.nmea.util.TimeTest" name="testSetTime" time="0.0" />

      <testcase classname="net.sf.marineapi.nmea.util.TimeTest" name="testToDate" time="0.0" />

      <system-out />

      <system-err />

  </testsuite>
  <testsuite errors="0" failures="0" hostname="jupiter" id="42" name="WaypointTest" package="net.sf.marineapi.nmea.util" tests="2" time="0.0040" timestamp="2014-06-09T17:28:53">
      <properties>
[...]
</properties>

      <testcase classname="net.sf.marineapi.nmea.util.WaypointTest" name="testId" time="0.0" />

      <testcase classname="net.sf.marineapi.nmea.util.WaypointTest" name="testDescription" time="0.0010" />

      <system-out />

      <system-err />

  </testsuite>
  <testsuite errors="0" failures="0" hostname="jupiter" id="43" name="HeadingProviderTest" package="net.sf.marineapi.provider" tests="3" time="0.033" timestamp="2014-06-09T17:28:53">
      <properties>
[...]
</properties>

      <testcase classname="net.sf.marineapi.provider.HeadingProviderTest" name="testHDTSentenceRead" time="0.029" />

      <testcase classname="net.sf.marineapi.provider.HeadingProviderTest" name="testHDMSentenceRead" time="0.0" />

      <testcase classname="net.sf.marineapi.provider.HeadingProviderTest" name="testHDGSentenceRead" time="0.0010" />

      <system-out />

      <system-err />

  </testsuite>
  <testsuite errors="0" failures="0" hostname="jupiter" id="44" name="PositionProviderTest" package="net.sf.marineapi.provider" tests="2" time="0.066" timestamp="2014-06-09T17:28:53">
      <properties>
[...]
</properties>

      <testcase classname="net.sf.marineapi.provider.PositionProviderTest" name="testSentenceReadWithGGA" time="0.064" />

      <testcase classname="net.sf.marineapi.provider.PositionProviderTest" name="testSentenceReadWithGLL" time="0.0" />

      <system-out />

      <system-err />

  </testsuite>
</testsuites>
